This is pdfTeX, Version 3.14159265-2.6-1.40.20 (TeX Live 2019/Debian) (preloaded format=pdflatex 2021.3.10)  24 MAR 2021 16:47
entering extended mode
 restricted \write18 enabled.
 %&-line parsing enabled.
**\nonstopmode\input all-spectra.tex
(./all-spectra.tex (/usr/share/texlive/texmf-dist/tex/latex/base/article.cls
Document Class: article 2019/12/20 v1.4l Standard LaTeX document class
(/usr/share/texlive/texmf-dist/tex/latex/base/size11.clo
File: size11.clo 2019/12/20 v1.4l Standard LaTeX file (size option)
)
\c@part=\count167
\c@section=\count168
\c@subsection=\count169
\c@subsubsection=\count170
\c@paragraph=\count171
\c@subparagraph=\count172
\c@figure=\count173
\c@table=\count174
\abovecaptionskip=\skip47
\belowcaptionskip=\skip48
\bibindent=\dimen134
)
(/usr/share/texlive/texmf-dist/tex/latex/base/inputenc.sty
Package: inputenc 2018/08/11 v1.3c Input encoding file
\inpenc@prehook=\toks14
\inpenc@posthook=\toks15
)
(/usr/share/texlive/texmf-dist/tex/latex/amsmath/amsmath.sty
Package: amsmath 2020/01/20 v2.17e AMS math features
\@mathmargin=\skip49

For additional information on amsmath, use the `?' option.
(/usr/share/texlive/texmf-dist/tex/latex/amsmath/amstext.sty
Package: amstext 2000/06/29 v2.01 AMS text

(/usr/share/texlive/texmf-dist/tex/latex/amsmath/amsgen.sty
File: amsgen.sty 1999/11/30 v2.0 generic functions
\@emptytoks=\toks16
\ex@=\dimen135
))
(/usr/share/texlive/texmf-dist/tex/latex/amsmath/amsbsy.sty
Package: amsbsy 1999/11/29 v1.2d Bold Symbols
\pmbraise@=\dimen136
)
(/usr/share/texlive/texmf-dist/tex/latex/amsmath/amsopn.sty
Package: amsopn 2016/03/08 v2.02 operator names
)
\inf@bad=\count175
LaTeX Info: Redefining \frac on input line 227.
\uproot@=\count176
\leftroot@=\count177
LaTeX Info: Redefining \overline on input line 389.
\classnum@=\count178
\DOTSCASE@=\count179
LaTeX Info: Redefining \ldots on input line 486.
LaTeX Info: Redefining \dots on input line 489.
LaTeX Info: Redefining \cdots on input line 610.
\Mathstrutbox@=\box45
\strutbox@=\box46
\big@size=\dimen137
LaTeX Font Info:    Redeclaring font encoding OML on input line 733.
LaTeX Font Info:    Redeclaring font encoding OMS on input line 734.
\macc@depth=\count180
\c@MaxMatrixCols=\count181
\dotsspace@=\muskip16
\c@parentequation=\count182
\dspbrk@lvl=\count183
\tag@help=\toks17
\row@=\count184
\column@=\count185
\maxfields@=\count186
\andhelp@=\toks18
\eqnshift@=\dimen138
\alignsep@=\dimen139
\tagshift@=\dimen140
\tagwidth@=\dimen141
\totwidth@=\dimen142
\lineht@=\dimen143
\@envbody=\toks19
\multlinegap=\skip50
\multlinetaggap=\skip51
\mathdisplay@stack=\toks20
LaTeX Info: Redefining \[ on input line 2859.
LaTeX Info: Redefining \] on input line 2860.
)
(/usr/share/texlive/texmf-dist/tex/latex/natbib/natbib.sty
Package: natbib 2010/09/13 8.31b (PWD, AO)
\bibhang=\skip52
\bibsep=\skip53
LaTeX Info: Redefining \cite on input line 694.
\c@NAT@ctr=\count187
)
(/usr/share/texlive/texmf-dist/tex/latex/graphics/graphicx.sty
Package: graphicx 2019/11/30 v1.2a Enhanced LaTeX Graphics (DPC,SPQR)

(/usr/share/texlive/texmf-dist/tex/latex/graphics/keyval.sty
Package: keyval 2014/10/28 v1.15 key=value parser (DPC)
\KV@toks@=\toks21
)
(/usr/share/texlive/texmf-dist/tex/latex/graphics/graphics.sty
Package: graphics 2019/11/30 v1.4a Standard LaTeX Graphics (DPC,SPQR)

(/usr/share/texlive/texmf-dist/tex/latex/graphics/trig.sty
Package: trig 2016/01/03 v1.10 sin cos tan (DPC)
)
(/usr/share/texlive/texmf-dist/tex/latex/graphics-cfg/graphics.cfg
File: graphics.cfg 2016/06/04 v1.11 sample graphics configuration
)
Package graphics Info: Driver file: pdftex.def on input line 105.

(/usr/share/texlive/texmf-dist/tex/latex/graphics-def/pdftex.def
File: pdftex.def 2018/01/08 v1.0l Graphics/color driver for pdftex
))
\Gin@req@height=\dimen144
\Gin@req@width=\dimen145
)
(/usr/share/texlive/texmf-dist/tex/generic/babel/babel.sty
Package: babel 2020/02/14 3.40 The Babel package

(/usr/share/texlive/texmf-dist/tex/generic/babel/switch.def
File: switch.def 2020/02/14 3.40 Babel switching mechanism
)

! Package babel Error: Unknown option `spanish'. Either you misspelled it
(babel)                or the language definition file spanish.ldf was not foun
d.

See the babel package documentation for explanation.
Type  H <return>  for immediate help.
 ...                                              
                                                  
l.542 \ProcessOptions*
                      
Valid options are: shorthands=, KeepShorthandsActive,
activeacute, activegrave, noconfigs, safe=, main=, math=
headfoot=, strings=, config=, hyphenmap=, or a language name.


! Package babel Error: Unknown option `es-minimal'. Either you misspelled it
(babel)                or the language definition file es-minimal.ldf was not f
ound.

See the babel package documentation for explanation.
Type  H <return>  for immediate help.
 ...                                              
                                                  
l.542 \ProcessOptions*
                      
Valid options are: shorthands=, KeepShorthandsActive,
activeacute, activegrave, noconfigs, safe=, main=, math=
headfoot=, strings=, config=, hyphenmap=, or a language name.

(/usr/share/texlive/texmf-dist/tex/generic/babel-english/english.ldf
Language: english 2017/06/06 v3.3r English support from the babel system

(/usr/share/texlive/texmf-dist/tex/generic/babel/babel.def
File: babel.def 2020/02/14 3.40 Babel common definitions
\babel@savecnt=\count188
\U@D=\dimen146

(/usr/share/texlive/texmf-dist/tex/generic/babel/txtbabel.def)
\bbl@readstream=\read2
\bbl@dirlevel=\count189
)
Package babel Info: \l@british = using hyphenrules for english
(babel)             (\language0) on input line 82.
Package babel Info: \l@UKenglish = using hyphenrules for english
(babel)             (\language0) on input line 83.
Package babel Info: \l@canadian = using hyphenrules for english
(babel)             (\language0) on input line 102.
Package babel Info: \l@australian = using hyphenrules for english
(babel)             (\language0) on input line 105.
Package babel Info: \l@newzealand = using hyphenrules for english
(babel)             (\language0) on input line 108.
))
(/usr/share/texlive/texmf-dist/tex/latex/geometry/geometry.sty
Package: geometry 2020/01/02 v5.9 Page Geometry

(/usr/share/texlive/texmf-dist/tex/generic/iftex/ifvtex.sty
Package: ifvtex 2019/10/25 v1.7 ifvtex legacy package. Use iftex instead.

(/usr/share/texlive/texmf-dist/tex/generic/iftex/iftex.sty
Package: iftex 2019/11/07 v1.0c TeX engine tests
))
\Gm@cnth=\count190
\Gm@cntv=\count191
\c@Gm@tempcnt=\count192
\Gm@bindingoffset=\dimen147
\Gm@wd@mp=\dimen148
\Gm@odd@mp=\dimen149
\Gm@even@mp=\dimen150
\Gm@layoutwidth=\dimen151
\Gm@layoutheight=\dimen152
\Gm@layouthoffset=\dimen153
\Gm@layoutvoffset=\dimen154
\Gm@dimlist=\toks22
)
(/usr/share/texlive/texmf-dist/tex/latex/lipsum/lipsum.sty
(/usr/share/texlive/texmf-dist/tex/latex/l3kernel/expl3.sty
Package: expl3 2020-02-14 L3 programming layer (loader) 

(/usr/share/texlive/texmf-dist/tex/latex/l3backend/l3backend-pdfmode.def
File: l3backend-pdfmode.def 2020-02-03 L3 backend support: PDF mode
\l__kernel_color_stack_int=\count193
\l__pdf_internal_box=\box47
))
(/usr/share/texlive/texmf-dist/tex/latex/l3packages/xparse/xparse.sty
Package: xparse 2020-02-14 L3 Experimental document command parser
\l__xparse_current_arg_int=\count194
\g__xparse_grabber_int=\count195
\l__xparse_m_args_int=\count196
\l__xparse_v_nesting_int=\count197
)
Package: lipsum 2019/01/02 v2.2 150 paragraphs of Lorem Ipsum dummy text

(/usr/share/texlive/texmf-dist/tex/latex/lipsum/lipsum.ltd.tex
File: lipsum.ltd.tex 2019/01/02 v2.2 The Lorem ipsum dummy text
))
(/usr/share/texlive/texmf-dist/tex/latex/tools/longtable.sty
Package: longtable 2020/01/07 v4.13 Multi-page Table package (DPC)
\LTleft=\skip54
\LTright=\skip55
\LTpre=\skip56
\LTpost=\skip57
\LTchunksize=\count198
\LTcapwidth=\dimen155
\LT@head=\box48
\LT@firsthead=\box49
\LT@foot=\box50
\LT@lastfoot=\box51
\LT@cols=\count199
\LT@rows=\count266
\c@LT@tables=\count267
\c@LT@chunks=\count268
\LT@p@ftn=\toks23
)
(/usr/share/texlive/texmf-dist/tex/latex/pdfpages/pdfpages.sty
Package: pdfpages 2020/01/28 v0.5q Insert pages of external PDF documents (AM)

(/usr/share/texlive/texmf-dist/tex/latex/base/ifthen.sty
Package: ifthen 2014/09/29 v1.1c Standard LaTeX ifthen package (DPC)
)
(/usr/share/texlive/texmf-dist/tex/latex/tools/calc.sty
Package: calc 2017/05/25 v4.3 Infix arithmetic (KKT,FJ)
\calc@Acount=\count269
\calc@Bcount=\count270
\calc@Adimen=\dimen156
\calc@Bdimen=\dimen157
\calc@Askip=\skip58
\calc@Bskip=\skip59
LaTeX Info: Redefining \setlength on input line 80.
LaTeX Info: Redefining \addtolength on input line 81.
\calc@Ccount=\count271
\calc@Cskip=\skip60
)
(/usr/share/texlive/texmf-dist/tex/latex/eso-pic/eso-pic.sty
Package: eso-pic 2018/04/12 v2.0h eso-pic (RN)

(/usr/share/texlive/texmf-dist/tex/generic/atbegshi/atbegshi.sty
Package: atbegshi 2019/12/05 v1.19 At begin shipout hook (HO)

(/usr/share/texlive/texmf-dist/tex/generic/infwarerr/infwarerr.sty
Package: infwarerr 2019/12/03 v1.5 Providing info/warning/error messages (HO)
)
(/usr/share/texlive/texmf-dist/tex/generic/ltxcmds/ltxcmds.sty
Package: ltxcmds 2019/12/15 v1.24 LaTeX kernel commands for general use (HO)
))
(/usr/share/texlive/texmf-dist/tex/latex/xcolor/xcolor.sty
Package: xcolor 2016/05/11 v2.12 LaTeX color extensions (UK)

(/usr/share/texlive/texmf-dist/tex/latex/graphics-cfg/color.cfg
File: color.cfg 2016/01/02 v1.6 sample color configuration
)
Package xcolor Info: Driver file: pdftex.def on input line 225.
Package xcolor Info: Model `cmy' substituted by `cmy0' on input line 1348.
Package xcolor Info: Model `hsb' substituted by `rgb' on input line 1352.
Package xcolor Info: Model `RGB' extended on input line 1364.
Package xcolor Info: Model `HTML' substituted by `rgb' on input line 1366.
Package xcolor Info: Model `Hsb' substituted by `hsb' on input line 1367.
Package xcolor Info: Model `tHsb' substituted by `hsb' on input line 1368.
Package xcolor Info: Model `HSB' substituted by `hsb' on input line 1369.
Package xcolor Info: Model `Gray' substituted by `gray' on input line 1370.
Package xcolor Info: Model `wave' substituted by `hsb' on input line 1371.
))
\AM@pagewidth=\dimen158
\AM@pageheight=\dimen159

(/usr/share/texlive/texmf-dist/tex/latex/pdfpages/pppdftex.def
File: pppdftex.def 2020/01/28 v0.5q Pdfpages driver for pdfTeX (AM)
)
\AM@pagebox=\box52
\AM@global@opts=\toks24
\AM@pagecnt=\count272
\AM@toc@title=\toks25
\c@AM@survey=\count273
\AM@templatesizebox=\box53
)
(/usr/share/texlive/texmf-dist/tex/latex/listings/listings.sty
\lst@mode=\count274
\lst@gtempboxa=\box54
\lst@token=\toks26
\lst@length=\count275
\lst@currlwidth=\dimen160
\lst@column=\count276
\lst@pos=\count277
\lst@lostspace=\dimen161
\lst@width=\dimen162
\lst@newlines=\count278
\lst@lineno=\count279
\lst@maxwidth=\dimen163

(/usr/share/texlive/texmf-dist/tex/latex/listings/lstmisc.sty
File: lstmisc.sty 2019/09/10 1.8c (Carsten Heinz)
\c@lstnumber=\count280
\lst@skipnumbers=\count281
\lst@framebox=\box55
)
(/usr/share/texlive/texmf-dist/tex/latex/listings/listings.cfg
File: listings.cfg 2019/09/10 1.8c listings configuration
))
Package: listings 2019/09/10 1.8c (Carsten Heinz)

(/usr/share/texlive/texmf-dist/tex/latex/hyperref/hyperref.sty
Package: hyperref 2020/01/14 v7.00d Hypertext links for LaTeX

(/usr/share/texlive/texmf-dist/tex/latex/pdftexcmds/pdftexcmds.sty
Package: pdftexcmds 2019/11/24 v0.31 Utility functions of pdfTeX for LuaTeX (HO
)
Package pdftexcmds Info: \pdf@primitive is available.
Package pdftexcmds Info: \pdf@ifprimitive is available.
Package pdftexcmds Info: \pdfdraftmode found.
)
(/usr/share/texlive/texmf-dist/tex/generic/kvsetkeys/kvsetkeys.sty
Package: kvsetkeys 2019/12/15 v1.18 Key value parser (HO)
)
(/usr/share/texlive/texmf-dist/tex/generic/kvdefinekeys/kvdefinekeys.sty
Package: kvdefinekeys 2019-12-19 v1.6 Define keys (HO)
)
(/usr/share/texlive/texmf-dist/tex/generic/pdfescape/pdfescape.sty
Package: pdfescape 2019/12/09 v1.15 Implements pdfTeX's escape features (HO)
)
(/usr/share/texlive/texmf-dist/tex/latex/hycolor/hycolor.sty
Package: hycolor 2020-01-27 v1.10 Color options for hyperref/bookmark (HO)
)
(/usr/share/texlive/texmf-dist/tex/latex/letltxmacro/letltxmacro.sty
Package: letltxmacro 2019/12/03 v1.6 Let assignment for LaTeX macros (HO)
)
(/usr/share/texlive/texmf-dist/tex/latex/auxhook/auxhook.sty
Package: auxhook 2019-12-17 v1.6 Hooks for auxiliary files (HO)
)
(/usr/share/texlive/texmf-dist/tex/latex/kvoptions/kvoptions.sty
Package: kvoptions 2019/11/29 v3.13 Key value format for package options (HO)
)
\@linkdim=\dimen164
\Hy@linkcounter=\count282
\Hy@pagecounter=\count283

(/usr/share/texlive/texmf-dist/tex/latex/hyperref/pd1enc.def
File: pd1enc.def 2020/01/14 v7.00d Hyperref: PDFDocEncoding definition (HO)
Now handling font encoding PD1 ...
... no UTF-8 mapping file for font encoding PD1
)
(/usr/share/texlive/texmf-dist/tex/generic/intcalc/intcalc.sty
Package: intcalc 2019/12/15 v1.3 Expandable calculations with integers (HO)
)
(/usr/share/texlive/texmf-dist/tex/generic/etexcmds/etexcmds.sty
Package: etexcmds 2019/12/15 v1.7 Avoid name clashes with e-TeX commands (HO)
)
\Hy@SavedSpaceFactor=\count284
\pdfmajorversion=\count285
Package hyperref Info: Hyper figures OFF on input line 4547.
Package hyperref Info: Link nesting OFF on input line 4552.
Package hyperref Info: Hyper index ON on input line 4555.
Package hyperref Info: Plain pages OFF on input line 4562.
Package hyperref Info: Backreferencing OFF on input line 4567.
Package hyperref Info: Implicit mode ON; LaTeX internals redefined.
Package hyperref Info: Bookmarks ON on input line 4800.
\c@Hy@tempcnt=\count286

(/usr/share/texlive/texmf-dist/tex/latex/url/url.sty
\Urlmuskip=\muskip17
Package: url 2013/09/16  ver 3.4  Verb mode for urls, etc.
)
LaTeX Info: Redefining \url on input line 5159.
\XeTeXLinkMargin=\dimen165

(/usr/share/texlive/texmf-dist/tex/generic/bitset/bitset.sty
Package: bitset 2019/12/09 v1.3 Handle bit-vector datatype (HO)

(/usr/share/texlive/texmf-dist/tex/generic/bigintcalc/bigintcalc.sty
Package: bigintcalc 2019/12/15 v1.5 Expandable calculations on big integers (HO
)
))
\Fld@menulength=\count287
\Field@Width=\dimen166
\Fld@charsize=\dimen167
Package hyperref Info: Hyper figures OFF on input line 6430.
Package hyperref Info: Link nesting OFF on input line 6435.
Package hyperref Info: Hyper index ON on input line 6438.
Package hyperref Info: backreferencing OFF on input line 6445.
Package hyperref Info: Link coloring OFF on input line 6450.
Package hyperref Info: Link coloring with OCG OFF on input line 6455.
Package hyperref Info: PDF/A mode OFF on input line 6460.
LaTeX Info: Redefining \ref on input line 6500.
LaTeX Info: Redefining \pageref on input line 6504.
\Hy@abspage=\count288
\c@Item=\count289
\c@Hfootnote=\count290
)
Package hyperref Info: Driver (autodetected): hpdftex.

(/usr/share/texlive/texmf-dist/tex/latex/hyperref/hpdftex.def
File: hpdftex.def 2020/01/14 v7.00d Hyperref driver for pdfTeX

(/usr/share/texlive/texmf-dist/tex/latex/atveryend/atveryend.sty
Package: atveryend 2019-12-11 v1.11 Hooks at the very end of document (HO)
Package atveryend Info: \enddocument detected (standard20110627).
)
\Fld@listcount=\count291
\c@bookmark@seq@number=\count292

(/usr/share/texlive/texmf-dist/tex/latex/rerunfilecheck/rerunfilecheck.sty
Package: rerunfilecheck 2019/12/05 v1.9 Rerun checks for auxiliary files (HO)

(/usr/share/texlive/texmf-dist/tex/generic/uniquecounter/uniquecounter.sty
Package: uniquecounter 2019/12/15 v1.4 Provide unlimited unique counter (HO)
)
Package uniquecounter Info: New unique counter `rerunfilecheck' on input line 2
86.
)
\Hy@SectionHShift=\skip61
)
(./all-spectra.aux)
\openout1 = `all-spectra.aux'.

LaTeX Font Info:    Checking defaults for OML/cmm/m/it on input line 40.
LaTeX Font Info:    ... okay on input line 40.
LaTeX Font Info:    Checking defaults for OMS/cmsy/m/n on input line 40.
LaTeX Font Info:    ... okay on input line 40.
LaTeX Font Info:    Checking defaults for OT1/cmr/m/n on input line 40.
LaTeX Font Info:    ... okay on input line 40.
LaTeX Font Info:    Checking defaults for T1/cmr/m/n on input line 40.
LaTeX Font Info:    ... okay on input line 40.
LaTeX Font Info:    Checking defaults for TS1/cmr/m/n on input line 40.
LaTeX Font Info:    ... okay on input line 40.
LaTeX Font Info:    Checking defaults for OMX/cmex/m/n on input line 40.
LaTeX Font Info:    ... okay on input line 40.
LaTeX Font Info:    Checking defaults for U/cmr/m/n on input line 40.
LaTeX Font Info:    ... okay on input line 40.
LaTeX Font Info:    Checking defaults for PD1/pdf/m/n on input line 40.
LaTeX Font Info:    ... okay on input line 40.

(/usr/share/texlive/texmf-dist/tex/context/base/mkii/supp-pdf.mkii
[Loading MPS to PDF converter (version 2006.09.02).]
\scratchcounter=\count293
\scratchdimen=\dimen168
\scratchbox=\box56
\nofMPsegments=\count294
\nofMParguments=\count295
\everyMPshowfont=\toks27
\MPscratchCnt=\count296
\MPscratchDim=\dimen169
\MPnumerator=\count297
\makeMPintoPDFobject=\count298
\everyMPtoPDFconversion=\toks28
) (/usr/share/texlive/texmf-dist/tex/latex/epstopdf-pkg/epstopdf-base.sty
Package: epstopdf-base 2020-01-24 v2.11 Base part for package epstopdf
Package epstopdf-base Info: Redefining graphics rule for `.eps' on input line 4
85.

(/usr/share/texlive/texmf-dist/tex/latex/latexconfig/epstopdf-sys.cfg
File: epstopdf-sys.cfg 2010/07/13 v1.3 Configuration of (r)epstopdf for TeX Liv
e
))
*geometry* driver: auto-detecting
*geometry* detected driver: pdftex
*geometry* verbose mode - [ preamble ] result:
* driver: pdftex
* paper: <default>
* layout: <same size as paper>
* layoutoffset:(h,v)=(0.0pt,0.0pt)
* modes: 
* h-part:(L,W,R)=(72.26999pt, 469.75502pt, 72.26999pt)
* v-part:(T,H,B)=(50.58878pt, 693.79243pt, 50.58878pt)
* \paperwidth=614.295pt
* \paperheight=794.96999pt
* \textwidth=469.75502pt
* \textheight=693.79243pt
* \oddsidemargin=0.0pt
* \evensidemargin=0.0pt
* \topmargin=-58.68121pt
* \headheight=12.0pt
* \headsep=25.0pt
* \topskip=11.0pt
* \footskip=30.0pt
* \marginparwidth=59.0pt
* \marginparsep=10.0pt
* \columnsep=10.0pt
* \skip\footins=10.0pt plus 4.0pt minus 2.0pt
* \hoffset=0.0pt
* \voffset=0.0pt
* \mag=1000
* \@twocolumnfalse
* \@twosidefalse
* \@mparswitchfalse
* \@reversemarginfalse
* (1in=72.27pt=25.4mm, 1cm=28.453pt)

\AtBeginShipoutBox=\box57
(/usr/share/texlive/texmf-dist/tex/latex/pdflscape/pdflscape.sty
Package: pdflscape 2019/12/05 v0.12 Display of landscape pages in PDF (HO)

(/usr/share/texlive/texmf-dist/tex/latex/graphics/lscape.sty
Package: lscape 2000/10/22 v3.01 Landscape Pages (DPC)
)
Package pdflscape Info: Auto-detected driver: pdftex on input line 81.
)
\c@lstlisting=\count299
Package hyperref Info: Link coloring OFF on input line 40.

(/usr/share/texlive/texmf-dist/tex/latex/hyperref/nameref.sty
Package: nameref 2019/09/16 v2.46 Cross-referencing by name of section

(/usr/share/texlive/texmf-dist/tex/latex/refcount/refcount.sty
Package: refcount 2019/12/15 v3.6 Data extraction from label references (HO)
)
(/usr/share/texlive/texmf-dist/tex/generic/gettitlestring/gettitlestring.sty
Package: gettitlestring 2019/12/15 v1.6 Cleanup title references (HO)
)
\c@section@level=\count300
)
LaTeX Info: Redefining \ref on input line 40.
LaTeX Info: Redefining \pageref on input line 40.
LaTeX Info: Redefining \nameref on input line 40.

(./all-spectra.out) (./all-spectra.out)
\@outlinefile=\write3
\openout3 = `all-spectra.out'.

 (./table-apectra.tex
<spec-0269-51910-0319.pdf, id=4, 867.24pt x 361.35pt>
File: spec-0269-51910-0319.pdf Graphic file (type pdf)
<use spec-0269-51910-0319.pdf>
Package pdftex.def Info: spec-0269-51910-0319.pdf  used on input line 5.
(pdftex.def)             Requested size: 234.8775pt x 97.86354pt.
<spec-0284-51943-0179.pdf, id=6, 867.24pt x 361.35pt>
File: spec-0284-51943-0179.pdf Graphic file (type pdf)
<use spec-0284-51943-0179.pdf>
Package pdftex.def Info: spec-0284-51943-0179.pdf  used on input line 5.
(pdftex.def)             Requested size: 234.8775pt x 97.86354pt.
<spec-0269-51910-0379.pdf, id=8, 867.24pt x 361.35pt>
File: spec-0269-51910-0379.pdf Graphic file (type pdf)
<use spec-0269-51910-0379.pdf>
Package pdftex.def Info: spec-0269-51910-0379.pdf  used on input line 6.
(pdftex.def)             Requested size: 234.8775pt x 97.86354pt.
<spec-0285-51930-0162.pdf, id=10, 867.24pt x 361.35pt>
File: spec-0285-51930-0162.pdf Graphic file (type pdf)
<use spec-0285-51930-0162.pdf>
Package pdftex.def Info: spec-0285-51930-0162.pdf  used on input line 6.
(pdftex.def)             Requested size: 234.8775pt x 97.86354pt.
<spec-0282-51658-0130.pdf, id=12, 867.24pt x 361.35pt>
File: spec-0282-51658-0130.pdf Graphic file (type pdf)
<use spec-0282-51658-0130.pdf>
Package pdftex.def Info: spec-0282-51658-0130.pdf  used on input line 7.
(pdftex.def)             Requested size: 234.8775pt x 97.86354pt.
<spec-0285-51930-0521.pdf, id=14, 867.24pt x 361.35pt>
File: spec-0285-51930-0521.pdf Graphic file (type pdf)
<use spec-0285-51930-0521.pdf>
Package pdftex.def Info: spec-0285-51930-0521.pdf  used on input line 7.
(pdftex.def)             Requested size: 234.8775pt x 97.86354pt.
<spec-0282-51658-0451.pdf, id=16, 867.24pt x 361.35pt>
File: spec-0282-51658-0451.pdf Graphic file (type pdf)
<use spec-0282-51658-0451.pdf>
Package pdftex.def Info: spec-0282-51658-0451.pdf  used on input line 8.
(pdftex.def)             Requested size: 234.8775pt x 97.86354pt.
<spec-0285-51930-0549.pdf, id=18, 867.24pt x 361.35pt>
File: spec-0285-51930-0549.pdf Graphic file (type pdf)
<use spec-0285-51930-0549.pdf>
Package pdftex.def Info: spec-0285-51930-0549.pdf  used on input line 8.
(pdftex.def)             Requested size: 234.8775pt x 97.86354pt.
<spec-0283-51959-0147.pdf, id=20, 867.24pt x 361.35pt>
File: spec-0283-51959-0147.pdf Graphic file (type pdf)
<use spec-0283-51959-0147.pdf>
Package pdftex.def Info: spec-0283-51959-0147.pdf  used on input line 9.
(pdftex.def)             Requested size: 234.8775pt x 97.86354pt.
<spec-0288-52000-0171.pdf, id=22, 867.24pt x 361.35pt>
File: spec-0288-52000-0171.pdf Graphic file (type pdf)
<use spec-0288-52000-0171.pdf>
Package pdftex.def Info: spec-0288-52000-0171.pdf  used on input line 9.
(pdftex.def)             Requested size: 234.8775pt x 97.86354pt.
<spec-0284-51943-0170.pdf, id=24, 867.24pt x 361.35pt>
File: spec-0284-51943-0170.pdf Graphic file (type pdf)
<use spec-0284-51943-0170.pdf>
Package pdftex.def Info: spec-0284-51943-0170.pdf  used on input line 10.
(pdftex.def)             Requested size: 234.8775pt x 97.86354pt.
<spec-0288-52000-0504.pdf, id=26, 867.24pt x 361.35pt>
File: spec-0288-52000-0504.pdf Graphic file (type pdf)
<use spec-0288-52000-0504.pdf>
Package pdftex.def Info: spec-0288-52000-0504.pdf  used on input line 10.
(pdftex.def)             Requested size: 234.8775pt x 97.86354pt.
<spec-0289-51990-0234.pdf, id=28, 867.24pt x 361.35pt>
File: spec-0289-51990-0234.pdf Graphic file (type pdf)
<use spec-0289-51990-0234.pdf>
Package pdftex.def Info: spec-0289-51990-0234.pdf  used on input line 11.
(pdftex.def)             Requested size: 234.8775pt x 97.86354pt.
<spec-0288-52000-0607.pdf, id=30, 867.24pt x 361.35pt>
File: spec-0288-52000-0607.pdf Graphic file (type pdf)
<use spec-0288-52000-0607.pdf>
Package pdftex.def Info: spec-0288-52000-0607.pdf  used on input line 11.
(pdftex.def)             Requested size: 234.8775pt x 97.86354pt.
<spec-0296-51984-0182.pdf, id=32, 867.24pt x 361.35pt>
File: spec-0296-51984-0182.pdf Graphic file (type pdf)
<use spec-0296-51984-0182.pdf>
Package pdftex.def Info: spec-0296-51984-0182.pdf  used on input line 12.
(pdftex.def)             Requested size: 234.8775pt x 97.86354pt.
<spec-0330-52370-0302.pdf, id=34, 867.24pt x 361.35pt>
File: spec-0330-52370-0302.pdf Graphic file (type pdf)
<use spec-0330-52370-0302.pdf>
Package pdftex.def Info: spec-0330-52370-0302.pdf  used on input line 12.
(pdftex.def)             Requested size: 234.8775pt x 97.86354pt.
<spec-0327-52294-0620.pdf, id=36, 867.24pt x 361.35pt>
File: spec-0327-52294-0620.pdf Graphic file (type pdf)
<use spec-0327-52294-0620.pdf>
Package pdftex.def Info: spec-0327-52294-0620.pdf  used on input line 13.
(pdftex.def)             Requested size: 234.8775pt x 97.86354pt.
<spec-0332-52367-0306.pdf, id=38, 867.24pt x 361.35pt>
File: spec-0332-52367-0306.pdf Graphic file (type pdf)
<use spec-0332-52367-0306.pdf>
Package pdftex.def Info: spec-0332-52367-0306.pdf  used on input line 13.
(pdftex.def)             Requested size: 234.8775pt x 97.86354pt.
<spec-0330-52370-0144.pdf, id=40, 867.24pt x 361.35pt>
File: spec-0330-52370-0144.pdf Graphic file (type pdf)
<use spec-0330-52370-0144.pdf>
Package pdftex.def Info: spec-0330-52370-0144.pdf  used on input line 14.
(pdftex.def)             Requested size: 234.8775pt x 97.86354pt.
<spec-0333-52313-0469.pdf, id=42, 867.24pt x 361.35pt>
File: spec-0333-52313-0469.pdf Graphic file (type pdf)
<use spec-0333-52313-0469.pdf>
Package pdftex.def Info: spec-0333-52313-0469.pdf  used on input line 14.
(pdftex.def)             Requested size: 234.8775pt x 97.86354pt.
<spec-0333-52313-0581.pdf, id=44, 867.24pt x 361.35pt>
File: spec-0333-52313-0581.pdf Graphic file (type pdf)
<use spec-0333-52313-0581.pdf>
Package pdftex.def Info: spec-0333-52313-0581.pdf  used on input line 15.
(pdftex.def)             Requested size: 234.8775pt x 97.86354pt.
<spec-0372-52173-0296.pdf, id=46, 867.24pt x 361.35pt>
File: spec-0372-52173-0296.pdf Graphic file (type pdf)
<use spec-0372-52173-0296.pdf>
Package pdftex.def Info: spec-0372-52173-0296.pdf  used on input line 15.
(pdftex.def)             Requested size: 234.8775pt x 97.86354pt.
<spec-0384-51821-0565.pdf, id=48, 867.24pt x 361.35pt>
File: spec-0384-51821-0565.pdf Graphic file (type pdf)
<use spec-0384-51821-0565.pdf>
Package pdftex.def Info: spec-0384-51821-0565.pdf  used on input line 16.
(pdftex.def)             Requested size: 234.8775pt x 97.86354pt.
<spec-0376-52143-0160.pdf, id=50, 867.24pt x 361.35pt>
File: spec-0376-52143-0160.pdf Graphic file (type pdf)
<use spec-0376-52143-0160.pdf>
Package pdftex.def Info: spec-0376-52143-0160.pdf  used on input line 16.
(pdftex.def)             Requested size: 234.8775pt x 97.86354pt.
<spec-0385-51783-0395.pdf, id=52, 867.24pt x 361.35pt>
File: spec-0385-51783-0395.pdf Graphic file (type pdf)
<use spec-0385-51783-0395.pdf>
Package pdftex.def Info: spec-0385-51783-0395.pdf  used on input line 17.
(pdftex.def)             Requested size: 234.8775pt x 97.86354pt.
<spec-0376-52143-0631.pdf, id=54, 867.24pt x 361.35pt>
File: spec-0376-52143-0631.pdf Graphic file (type pdf)
<use spec-0376-52143-0631.pdf>
Package pdftex.def Info: spec-0376-52143-0631.pdf  used on input line 17.
(pdftex.def)             Requested size: 234.8775pt x 97.86354pt.
<spec-0388-51793-0054.pdf, id=56, 867.24pt x 361.35pt>
File: spec-0388-51793-0054.pdf Graphic file (type pdf)
<use spec-0388-51793-0054.pdf>
Package pdftex.def Info: spec-0388-51793-0054.pdf  used on input line 18.
(pdftex.def)             Requested size: 234.8775pt x 97.86354pt.
<spec-0377-52145-0456.pdf, id=58, 867.24pt x 361.35pt>
File: spec-0377-52145-0456.pdf Graphic file (type pdf)
<use spec-0377-52145-0456.pdf>
Package pdftex.def Info: spec-0377-52145-0456.pdf  used on input line 18.
(pdftex.def)             Requested size: 234.8775pt x 97.86354pt.
<spec-0389-51795-0421.pdf, id=60, 867.24pt x 361.35pt>
File: spec-0389-51795-0421.pdf Graphic file (type pdf)
<use spec-0389-51795-0421.pdf>
Package pdftex.def Info: spec-0389-51795-0421.pdf  used on input line 19.
(pdftex.def)             Requested size: 234.8775pt x 97.86354pt.
<spec-0377-52145-0484.pdf, id=62, 867.24pt x 361.35pt>
File: spec-0377-52145-0484.pdf Graphic file (type pdf)
<use spec-0377-52145-0484.pdf>
Package pdftex.def Info: spec-0377-52145-0484.pdf  used on input line 19.
(pdftex.def)             Requested size: 234.8775pt x 97.86354pt.
<spec-0389-51795-0544.pdf, id=64, 867.24pt x 361.35pt>
File: spec-0389-51795-0544.pdf Graphic file (type pdf)
<use spec-0389-51795-0544.pdf>
Package pdftex.def Info: spec-0389-51795-0544.pdf  used on input line 20.
(pdftex.def)             Requested size: 234.8775pt x 97.86354pt.
<spec-0377-52145-0539.pdf, id=66, 867.24pt x 361.35pt>
File: spec-0377-52145-0539.pdf Graphic file (type pdf)
<use spec-0377-52145-0539.pdf>
Package pdftex.def Info: spec-0377-52145-0539.pdf  used on input line 20.
(pdftex.def)             Requested size: 234.8775pt x 97.86354pt.
<spec-0391-51782-0286.pdf, id=68, 867.24pt x 361.35pt>
File: spec-0391-51782-0286.pdf Graphic file (type pdf)
<use spec-0391-51782-0286.pdf>
Package pdftex.def Info: spec-0391-51782-0286.pdf  used on input line 21.
(pdftex.def)             Requested size: 234.8775pt x 97.86354pt.
<spec-0378-52146-0223.pdf, id=70, 867.24pt x 361.35pt>
File: spec-0378-52146-0223.pdf Graphic file (type pdf)
<use spec-0378-52146-0223.pdf>
Package pdftex.def Info: spec-0378-52146-0223.pdf  used on input line 21.
(pdftex.def)             Requested size: 234.8775pt x 97.86354pt.
<spec-0391-51782-0394.pdf, id=72, 867.24pt x 361.35pt>
File: spec-0391-51782-0394.pdf Graphic file (type pdf)
<use spec-0391-51782-0394.pdf>
Package pdftex.def Info: spec-0391-51782-0394.pdf  used on input line 22.
(pdftex.def)             Requested size: 234.8775pt x 97.86354pt.
<spec-0378-52146-0588.pdf, id=74, 867.24pt x 361.35pt>
File: spec-0378-52146-0588.pdf Graphic file (type pdf)
<use spec-0378-52146-0588.pdf>
Package pdftex.def Info: spec-0378-52146-0588.pdf  used on input line 22.
(pdftex.def)             Requested size: 234.8775pt x 97.86354pt.
<spec-0391-51782-0625.pdf, id=76, 867.24pt x 361.35pt>
File: spec-0391-51782-0625.pdf Graphic file (type pdf)
<use spec-0391-51782-0625.pdf>
Package pdftex.def Info: spec-0391-51782-0625.pdf  used on input line 23.
(pdftex.def)             Requested size: 234.8775pt x 97.86354pt.
<spec-0380-51792-0081.pdf, id=78, 867.24pt x 361.35pt>
File: spec-0380-51792-0081.pdf Graphic file (type pdf)
<use spec-0380-51792-0081.pdf>
Package pdftex.def Info: spec-0380-51792-0081.pdf  used on input line 23.
(pdftex.def)             Requested size: 234.8775pt x 97.86354pt.

Overfull \hbox (24.00002pt too wide) in alignment at lines 44--24
 [] [] [] [] 
 []

<spec-0393-51794-0273.pdf, id=80, 867.24pt x 361.35pt>
File: spec-0393-51794-0273.pdf Graphic file (type pdf)
<use spec-0393-51794-0273.pdf>
Package pdftex.def Info: spec-0393-51794-0273.pdf  used on input line 24.
(pdftex.def)             Requested size: 234.8775pt x 97.86354pt.
<spec-0380-51792-0575.pdf, id=82, 867.24pt x 361.35pt>
File: spec-0380-51792-0575.pdf Graphic file (type pdf)
<use spec-0380-51792-0575.pdf>
Package pdftex.def Info: spec-0380-51792-0575.pdf  used on input line 24.
(pdftex.def)             Requested size: 234.8775pt x 97.86354pt.
<spec-0397-51794-0336.pdf, id=84, 867.24pt x 361.35pt>
File: spec-0397-51794-0336.pdf Graphic file (type pdf)
<use spec-0397-51794-0336.pdf>
Package pdftex.def Info: spec-0397-51794-0336.pdf  used on input line 25.
(pdftex.def)             Requested size: 234.8775pt x 97.86354pt.
<spec-0381-51811-0086.pdf, id=86, 867.24pt x 361.35pt>
File: spec-0381-51811-0086.pdf Graphic file (type pdf)
<use spec-0381-51811-0086.pdf>
Package pdftex.def Info: spec-0381-51811-0086.pdf  used on input line 25.
(pdftex.def)             Requested size: 234.8775pt x 97.86354pt.
<spec-0399-51817-0514.pdf, id=88, 867.24pt x 361.35pt>
File: spec-0399-51817-0514.pdf Graphic file (type pdf)
<use spec-0399-51817-0514.pdf>
Package pdftex.def Info: spec-0399-51817-0514.pdf  used on input line 26.
(pdftex.def)             Requested size: 234.8775pt x 97.86354pt.
<spec-0381-51811-0385.pdf, id=90, 867.24pt x 361.35pt>
File: spec-0381-51811-0385.pdf Graphic file (type pdf)
<use spec-0381-51811-0385.pdf>
Package pdftex.def Info: spec-0381-51811-0385.pdf  used on input line 26.
(pdftex.def)             Requested size: 234.8775pt x 97.86354pt.
<spec-0405-51816-0593.pdf, id=92, 867.24pt x 361.35pt>
File: spec-0405-51816-0593.pdf Graphic file (type pdf)
<use spec-0405-51816-0593.pdf>
Package pdftex.def Info: spec-0405-51816-0593.pdf  used on input line 27.
(pdftex.def)             Requested size: 234.8775pt x 97.86354pt.
<spec-0381-51811-0596.pdf, id=94, 867.24pt x 361.35pt>
File: spec-0381-51811-0596.pdf Graphic file (type pdf)
<use spec-0381-51811-0596.pdf>
Package pdftex.def Info: spec-0381-51811-0596.pdf  used on input line 27.
(pdftex.def)             Requested size: 234.8775pt x 97.86354pt.
<spec-0408-51821-0064.pdf, id=96, 867.24pt x 361.35pt>
File: spec-0408-51821-0064.pdf Graphic file (type pdf)
<use spec-0408-51821-0064.pdf>
Package pdftex.def Info: spec-0408-51821-0064.pdf  used on input line 28.
(pdftex.def)             Requested size: 234.8775pt x 97.86354pt.
<spec-0416-51811-0065.pdf, id=98, 867.24pt x 361.35pt>
File: spec-0416-51811-0065.pdf Graphic file (type pdf)
<use spec-0416-51811-0065.pdf>
Package pdftex.def Info: spec-0416-51811-0065.pdf  used on input line 28.
(pdftex.def)             Requested size: 234.8775pt x 97.86354pt.
<spec-0408-51821-0296.pdf, id=100, 867.24pt x 361.35pt>
File: spec-0408-51821-0296.pdf Graphic file (type pdf)
<use spec-0408-51821-0296.pdf>
Package pdftex.def Info: spec-0408-51821-0296.pdf  used on input line 29.
(pdftex.def)             Requested size: 234.8775pt x 97.86354pt.
<spec-0416-51811-0427.pdf, id=102, 867.24pt x 361.35pt>
File: spec-0416-51811-0427.pdf Graphic file (type pdf)
<use spec-0416-51811-0427.pdf>
Package pdftex.def Info: spec-0416-51811-0427.pdf  used on input line 29.
(pdftex.def)             Requested size: 234.8775pt x 97.86354pt.
<spec-0409-51871-0467.pdf, id=104, 867.24pt x 361.35pt>
File: spec-0409-51871-0467.pdf Graphic file (type pdf)
<use spec-0409-51871-0467.pdf>
Package pdftex.def Info: spec-0409-51871-0467.pdf  used on input line 30.
(pdftex.def)             Requested size: 234.8775pt x 97.86354pt.
<spec-0416-51811-0436.pdf, id=106, 867.24pt x 361.35pt>
File: spec-0416-51811-0436.pdf Graphic file (type pdf)
<use spec-0416-51811-0436.pdf>
Package pdftex.def Info: spec-0416-51811-0436.pdf  used on input line 30.
(pdftex.def)             Requested size: 234.8775pt x 97.86354pt.
<spec-0409-51871-0596.pdf, id=108, 867.24pt x 361.35pt>
File: spec-0409-51871-0596.pdf Graphic file (type pdf)
<use spec-0409-51871-0596.pdf>
Package pdftex.def Info: spec-0409-51871-0596.pdf  used on input line 31.
(pdftex.def)             Requested size: 234.8775pt x 97.86354pt.
<spec-0416-51811-0537.pdf, id=110, 867.24pt x 361.35pt>
File: spec-0416-51811-0537.pdf Graphic file (type pdf)
<use spec-0416-51811-0537.pdf>
Package pdftex.def Info: spec-0416-51811-0537.pdf  used on input line 31.
(pdftex.def)             Requested size: 234.8775pt x 97.86354pt.
<spec-0410-51877-0519.pdf, id=112, 867.24pt x 361.35pt>
File: spec-0410-51877-0519.pdf Graphic file (type pdf)
<use spec-0410-51877-0519.pdf>
Package pdftex.def Info: spec-0410-51877-0519.pdf  used on input line 32.
(pdftex.def)             Requested size: 234.8775pt x 97.86354pt.
<spec-0501-52235-0277.pdf, id=114, 867.24pt x 361.35pt>
File: spec-0501-52235-0277.pdf Graphic file (type pdf)
<use spec-0501-52235-0277.pdf>
Package pdftex.def Info: spec-0501-52235-0277.pdf  used on input line 32.
(pdftex.def)             Requested size: 234.8775pt x 97.86354pt.
<spec-0410-51877-0527.pdf, id=116, 867.24pt x 361.35pt>
File: spec-0410-51877-0527.pdf Graphic file (type pdf)
<use spec-0410-51877-0527.pdf>
Package pdftex.def Info: spec-0410-51877-0527.pdf  used on input line 33.
(pdftex.def)             Requested size: 234.8775pt x 97.86354pt.
<spec-0513-51989-0054.pdf, id=118, 867.24pt x 361.35pt>
File: spec-0513-51989-0054.pdf Graphic file (type pdf)
<use spec-0513-51989-0054.pdf>
Package pdftex.def Info: spec-0513-51989-0054.pdf  used on input line 33.
(pdftex.def)             Requested size: 234.8775pt x 97.86354pt.
<spec-0411-51817-0159.pdf, id=120, 867.24pt x 361.35pt>
File: spec-0411-51817-0159.pdf Graphic file (type pdf)
<use spec-0411-51817-0159.pdf>
Package pdftex.def Info: spec-0411-51817-0159.pdf  used on input line 34.
(pdftex.def)             Requested size: 234.8775pt x 97.86354pt.
<spec-0515-52051-0011.pdf, id=122, 867.24pt x 361.35pt>
File: spec-0515-52051-0011.pdf Graphic file (type pdf)
<use spec-0515-52051-0011.pdf>
Package pdftex.def Info: spec-0515-52051-0011.pdf  used on input line 34.
(pdftex.def)             Requested size: 234.8775pt x 97.86354pt.
<spec-0411-51817-0578.pdf, id=124, 867.24pt x 361.35pt>
File: spec-0411-51817-0578.pdf Graphic file (type pdf)
<use spec-0411-51817-0578.pdf>
Package pdftex.def Info: spec-0411-51817-0578.pdf  used on input line 35.
(pdftex.def)             Requested size: 234.8775pt x 97.86354pt.
<spec-0520-52288-0312.pdf, id=126, 867.24pt x 361.35pt>
File: spec-0520-52288-0312.pdf Graphic file (type pdf)
<use spec-0520-52288-0312.pdf>
Package pdftex.def Info: spec-0520-52288-0312.pdf  used on input line 35.
(pdftex.def)             Requested size: 234.8775pt x 97.86354pt.
<spec-0411-51817-0590.pdf, id=128, 867.24pt x 361.35pt>
File: spec-0411-51817-0590.pdf Graphic file (type pdf)
<use spec-0411-51817-0590.pdf>
Package pdftex.def Info: spec-0411-51817-0590.pdf  used on input line 36.
(pdftex.def)             Requested size: 234.8775pt x 97.86354pt.
<spec-0572-52289-0028.pdf, id=130, 867.24pt x 361.35pt>
File: spec-0572-52289-0028.pdf Graphic file (type pdf)
<use spec-0572-52289-0028.pdf>
Package pdftex.def Info: spec-0572-52289-0028.pdf  used on input line 36.
(pdftex.def)             Requested size: 234.8775pt x 97.86354pt.
<spec-0413-51821-0590.pdf, id=132, 867.24pt x 361.35pt>
File: spec-0413-51821-0590.pdf Graphic file (type pdf)
<use spec-0413-51821-0590.pdf>
Package pdftex.def Info: spec-0413-51821-0590.pdf  used on input line 37.
(pdftex.def)             Requested size: 234.8775pt x 97.86354pt.
<spec-0584-52049-0578.pdf, id=134, 867.24pt x 361.35pt>
File: spec-0584-52049-0578.pdf Graphic file (type pdf)
<use spec-0584-52049-0578.pdf>
Package pdftex.def Info: spec-0584-52049-0578.pdf  used on input line 37.
(pdftex.def)             Requested size: 234.8775pt x 97.86354pt.
<spec-0415-51810-0420.pdf, id=136, 867.24pt x 361.35pt>
File: spec-0415-51810-0420.pdf Graphic file (type pdf)
<use spec-0415-51810-0420.pdf>
Package pdftex.def Info: spec-0415-51810-0420.pdf  used on input line 38.
(pdftex.def)             Requested size: 234.8775pt x 97.86354pt.
<spec-0584-52049-0618.pdf, id=138, 867.24pt x 361.35pt>
File: spec-0584-52049-0618.pdf Graphic file (type pdf)
<use spec-0584-52049-0618.pdf>
Package pdftex.def Info: spec-0584-52049-0618.pdf  used on input line 38.
(pdftex.def)             Requested size: 234.8775pt x 97.86354pt.
<spec-0677-52606-0545.pdf, id=140, 867.24pt x 361.35pt>
File: spec-0677-52606-0545.pdf Graphic file (type pdf)
<use spec-0677-52606-0545.pdf>
Package pdftex.def Info: spec-0677-52606-0545.pdf  used on input line 39.
(pdftex.def)             Requested size: 234.8775pt x 97.86354pt.
<spec-0673-52162-0547.pdf, id=142, 867.24pt x 361.35pt>
File: spec-0673-52162-0547.pdf Graphic file (type pdf)
<use spec-0673-52162-0547.pdf>
Package pdftex.def Info: spec-0673-52162-0547.pdf  used on input line 39.
(pdftex.def)             Requested size: 234.8775pt x 97.86354pt.
<spec-0679-52177-0327.pdf, id=144, 867.24pt x 361.35pt>
File: spec-0679-52177-0327.pdf Graphic file (type pdf)
<use spec-0679-52177-0327.pdf>
Package pdftex.def Info: spec-0679-52177-0327.pdf  used on input line 40.
(pdftex.def)             Requested size: 234.8775pt x 97.86354pt.
<spec-0674-52201-0043.pdf, id=146, 867.24pt x 361.35pt>
File: spec-0674-52201-0043.pdf Graphic file (type pdf)
<use spec-0674-52201-0043.pdf>
Package pdftex.def Info: spec-0674-52201-0043.pdf  used on input line 40.
(pdftex.def)             Requested size: 234.8775pt x 97.86354pt.
<spec-0680-52200-0153.pdf, id=148, 867.24pt x 361.35pt>
File: spec-0680-52200-0153.pdf Graphic file (type pdf)
<use spec-0680-52200-0153.pdf>
Package pdftex.def Info: spec-0680-52200-0153.pdf  used on input line 41.
(pdftex.def)             Requested size: 234.8775pt x 97.86354pt.
<spec-0676-52178-0344.pdf, id=150, 867.24pt x 361.35pt>
File: spec-0676-52178-0344.pdf Graphic file (type pdf)
<use spec-0676-52178-0344.pdf>
Package pdftex.def Info: spec-0676-52178-0344.pdf  used on input line 41.
(pdftex.def)             Requested size: 234.8775pt x 97.86354pt.
<spec-0682-52525-0044.pdf, id=152, 867.24pt x 361.35pt>
File: spec-0682-52525-0044.pdf Graphic file (type pdf)
<use spec-0682-52525-0044.pdf>
Package pdftex.def Info: spec-0682-52525-0044.pdf  used on input line 42.
(pdftex.def)             Requested size: 234.8775pt x 97.86354pt.
<spec-0687-52518-0474.pdf, id=154, 867.24pt x 361.35pt>
File: spec-0687-52518-0474.pdf Graphic file (type pdf)
<use spec-0687-52518-0474.pdf>
Package pdftex.def Info: spec-0687-52518-0474.pdf  used on input line 42.
(pdftex.def)             Requested size: 234.8775pt x 97.86354pt.
<spec-0683-52524-0104.pdf, id=156, 867.24pt x 361.35pt>
File: spec-0683-52524-0104.pdf Graphic file (type pdf)
<use spec-0683-52524-0104.pdf>
Package pdftex.def Info: spec-0683-52524-0104.pdf  used on input line 43.
(pdftex.def)             Requested size: 234.8775pt x 97.86354pt.
<spec-0687-52518-0485.pdf, id=158, 867.24pt x 361.35pt>
File: spec-0687-52518-0485.pdf Graphic file (type pdf)
<use spec-0687-52518-0485.pdf>
Package pdftex.def Info: spec-0687-52518-0485.pdf  used on input line 43.
(pdftex.def)             Requested size: 234.8775pt x 97.86354pt.

Overfull \hbox (24.00002pt too wide) in alignment at lines 24--44
 [] [] [] [] 
 []

[1

{/var/lib/texmf/fonts/map/pdftex/updmap/pdftex.map} <./spec-0269-51910-0319.pdf
> <./spec-0284-51943-0179.pdf> <./spec-0269-51910-0379.pdf> <./spec-0285-51930-
0162.pdf> <./spec-0282-51658-0130.pdf> <./spec-0285-51930-0521.pdf> <./spec-028
2-51658-0451.pdf> <./spec-0285-51930-0549.pdf> <./spec-0283-51959-0147.pdf> <./
spec-0288-52000-0171.pdf> <./spec-0284-51943-0170.pdf> <./spec-0288-52000-0504.
pdf>] [2 <./spec-0289-51990-0234.pdf> <./spec-0288-52000-0607.pdf> <./spec-0296
-51984-0182.pdf> <./spec-0330-52370-0302.pdf> <./spec-0327-52294-0620.pdf> <./s
pec-0332-52367-0306.pdf> <./spec-0330-52370-0144.pdf> <./spec-0333-52313-0469.p
df> <./spec-0333-52313-0581.pdf> <./spec-0372-52173-0296.pdf> <./spec-0384-5182
1-0565.pdf> <./spec-0376-52143-0160.pdf>]
<spec-0686-52519-0275.pdf, id=1063, 867.24pt x 361.35pt>
File: spec-0686-52519-0275.pdf Graphic file (type pdf)
<use spec-0686-52519-0275.pdf>
Package pdftex.def Info: spec-0686-52519-0275.pdf  used on input line 44.
(pdftex.def)             Requested size: 234.8775pt x 97.86354pt.
<spec-0689-52262-0247.pdf, id=1065, 867.24pt x 361.35pt>
File: spec-0689-52262-0247.pdf Graphic file (type pdf)
<use spec-0689-52262-0247.pdf>
Package pdftex.def Info: spec-0689-52262-0247.pdf  used on input line 44.
(pdftex.def)             Requested size: 234.8775pt x 97.86354pt.
<spec-0687-52518-0113.pdf, id=1067, 867.24pt x 361.35pt>
File: spec-0687-52518-0113.pdf Graphic file (type pdf)
<use spec-0687-52518-0113.pdf>
Package pdftex.def Info: spec-0687-52518-0113.pdf  used on input line 45.
(pdftex.def)             Requested size: 234.8775pt x 97.86354pt.
<spec-0689-52262-0402.pdf, id=1069, 867.24pt x 361.35pt>
File: spec-0689-52262-0402.pdf Graphic file (type pdf)
<use spec-0689-52262-0402.pdf>
Package pdftex.def Info: spec-0689-52262-0402.pdf  used on input line 45.
(pdftex.def)             Requested size: 234.8775pt x 97.86354pt.
<spec-0687-52518-0444.pdf, id=1071, 867.24pt x 361.35pt>
File: spec-0687-52518-0444.pdf Graphic file (type pdf)
<use spec-0687-52518-0444.pdf>
Package pdftex.def Info: spec-0687-52518-0444.pdf  used on input line 46.
(pdftex.def)             Requested size: 234.8775pt x 97.86354pt.
<spec-0691-52199-0602.pdf, id=1073, 867.24pt x 361.35pt>
File: spec-0691-52199-0602.pdf Graphic file (type pdf)
<use spec-0691-52199-0602.pdf>
Package pdftex.def Info: spec-0691-52199-0602.pdf  used on input line 46.
(pdftex.def)             Requested size: 234.8775pt x 97.86354pt.
<spec-0696-52209-0580.pdf, id=1075, 867.24pt x 361.35pt>
File: spec-0696-52209-0580.pdf Graphic file (type pdf)
<use spec-0696-52209-0580.pdf>
Package pdftex.def Info: spec-0696-52209-0580.pdf  used on input line 47.
(pdftex.def)             Requested size: 234.8775pt x 97.86354pt.
<spec-0692-52201-0083.pdf, id=1077, 867.24pt x 361.35pt>
File: spec-0692-52201-0083.pdf Graphic file (type pdf)
<use spec-0692-52201-0083.pdf>
Package pdftex.def Info: spec-0692-52201-0083.pdf  used on input line 47.
(pdftex.def)             Requested size: 234.8775pt x 97.86354pt.
<spec-0699-52202-0498.pdf, id=1079, 867.24pt x 361.35pt>
File: spec-0699-52202-0498.pdf Graphic file (type pdf)
<use spec-0699-52202-0498.pdf>
Package pdftex.def Info: spec-0699-52202-0498.pdf  used on input line 48.
(pdftex.def)             Requested size: 234.8775pt x 97.86354pt.
<spec-0695-52202-0519.pdf, id=1081, 867.24pt x 361.35pt>
File: spec-0695-52202-0519.pdf Graphic file (type pdf)
<use spec-0695-52202-0519.pdf>
Package pdftex.def Info: spec-0695-52202-0519.pdf  used on input line 48.
(pdftex.def)             Requested size: 234.8775pt x 97.86354pt.
<spec-0700-52199-0492.pdf, id=1083, 867.24pt x 361.35pt>
File: spec-0700-52199-0492.pdf Graphic file (type pdf)
<use spec-0700-52199-0492.pdf>
Package pdftex.def Info: spec-0700-52199-0492.pdf  used on input line 49.
(pdftex.def)             Requested size: 234.8775pt x 97.86354pt.
<spec-0696-52209-0493.pdf, id=1085, 867.24pt x 361.35pt>
File: spec-0696-52209-0493.pdf Graphic file (type pdf)
<use spec-0696-52209-0493.pdf>
Package pdftex.def Info: spec-0696-52209-0493.pdf  used on input line 49.
(pdftex.def)             Requested size: 234.8775pt x 97.86354pt.
<spec-0701-52179-0153.pdf, id=1087, 867.24pt x 361.35pt>
File: spec-0701-52179-0153.pdf Graphic file (type pdf)
<use spec-0701-52179-0153.pdf>
Package pdftex.def Info: spec-0701-52179-0153.pdf  used on input line 50.
(pdftex.def)             Requested size: 234.8775pt x 97.86354pt.
<spec-0984-52442-0533.pdf, id=1089, 867.24pt x 361.35pt>
File: spec-0984-52442-0533.pdf Graphic file (type pdf)
<use spec-0984-52442-0533.pdf>
Package pdftex.def Info: spec-0984-52442-0533.pdf  used on input line 50.
(pdftex.def)             Requested size: 234.8775pt x 97.86354pt.
<spec-0702-52178-0098.pdf, id=1091, 867.24pt x 361.35pt>
File: spec-0702-52178-0098.pdf Graphic file (type pdf)
<use spec-0702-52178-0098.pdf>
Package pdftex.def Info: spec-0702-52178-0098.pdf  used on input line 51.
(pdftex.def)             Requested size: 234.8775pt x 97.86354pt.
<spec-0985-52431-0223.pdf, id=1093, 867.24pt x 361.35pt>
File: spec-0985-52431-0223.pdf Graphic file (type pdf)
<use spec-0985-52431-0223.pdf>
Package pdftex.def Info: spec-0985-52431-0223.pdf  used on input line 51.
(pdftex.def)             Requested size: 234.8775pt x 97.86354pt.
<spec-0702-52178-0299.pdf, id=1095, 867.24pt x 361.35pt>
File: spec-0702-52178-0299.pdf Graphic file (type pdf)
<use spec-0702-52178-0299.pdf>
Package pdftex.def Info: spec-0702-52178-0299.pdf  used on input line 52.
(pdftex.def)             Requested size: 234.8775pt x 97.86354pt.
<spec-0989-52468-0200.pdf, id=1097, 867.24pt x 361.35pt>
File: spec-0989-52468-0200.pdf Graphic file (type pdf)
<use spec-0989-52468-0200.pdf>
Package pdftex.def Info: spec-0989-52468-0200.pdf  used on input line 52.
(pdftex.def)             Requested size: 234.8775pt x 97.86354pt.
<spec-0703-52209-0097.pdf, id=1099, 867.24pt x 361.35pt>
File: spec-0703-52209-0097.pdf Graphic file (type pdf)
<use spec-0703-52209-0097.pdf>
Package pdftex.def Info: spec-0703-52209-0097.pdf  used on input line 53.
(pdftex.def)             Requested size: 234.8775pt x 97.86354pt.
<spec-1021-52460-0167.pdf, id=1101, 867.24pt x 361.35pt>
File: spec-1021-52460-0167.pdf Graphic file (type pdf)
<use spec-1021-52460-0167.pdf>
Package pdftex.def Info: spec-1021-52460-0167.pdf  used on input line 53.
(pdftex.def)             Requested size: 234.8775pt x 97.86354pt.
<spec-0705-52200-0149.pdf, id=1103, 867.24pt x 361.35pt>
File: spec-0705-52200-0149.pdf Graphic file (type pdf)
<use spec-0705-52200-0149.pdf>
Package pdftex.def Info: spec-0705-52200-0149.pdf  used on input line 54.
(pdftex.def)             Requested size: 234.8775pt x 97.86354pt.
<spec-1064-52577-0175.pdf, id=1105, 867.24pt x 361.35pt>
File: spec-1064-52577-0175.pdf Graphic file (type pdf)
<use spec-1064-52577-0175.pdf>
Package pdftex.def Info: spec-1064-52577-0175.pdf  used on input line 54.
(pdftex.def)             Requested size: 234.8775pt x 97.86354pt.
<spec-0707-52177-0142.pdf, id=1107, 867.24pt x 361.35pt>
File: spec-0707-52177-0142.pdf Graphic file (type pdf)
<use spec-0707-52177-0142.pdf>
Package pdftex.def Info: spec-0707-52177-0142.pdf  used on input line 55.
(pdftex.def)             Requested size: 234.8775pt x 97.86354pt.
<spec-1069-52590-0197.pdf, id=1109, 867.24pt x 361.35pt>
File: spec-1069-52590-0197.pdf Graphic file (type pdf)
<use spec-1069-52590-0197.pdf>
Package pdftex.def Info: spec-1069-52590-0197.pdf  used on input line 55.
(pdftex.def)             Requested size: 234.8775pt x 97.86354pt.
<spec-0708-52175-0259.pdf, id=1111, 867.24pt x 361.35pt>
File: spec-0708-52175-0259.pdf Graphic file (type pdf)
<use spec-0708-52175-0259.pdf>
Package pdftex.def Info: spec-0708-52175-0259.pdf  used on input line 56.
(pdftex.def)             Requested size: 234.8775pt x 97.86354pt.
<spec-1076-52914-0565.pdf, id=1113, 867.24pt x 361.35pt>
File: spec-1076-52914-0565.pdf Graphic file (type pdf)
<use spec-1076-52914-0565.pdf>
Package pdftex.def Info: spec-1076-52914-0565.pdf  used on input line 56.
(pdftex.def)             Requested size: 234.8775pt x 97.86354pt.
<spec-0710-52203-0439.pdf, id=1115, 867.24pt x 361.35pt>
File: spec-0710-52203-0439.pdf Graphic file (type pdf)
<use spec-0710-52203-0439.pdf>
Package pdftex.def Info: spec-0710-52203-0439.pdf  used on input line 57.
(pdftex.def)             Requested size: 234.8775pt x 97.86354pt.
<spec-1079-52621-0616.pdf, id=1117, 867.24pt x 361.35pt>
File: spec-1079-52621-0616.pdf Graphic file (type pdf)
<use spec-1079-52621-0616.pdf>
Package pdftex.def Info: spec-1079-52621-0616.pdf  used on input line 57.
(pdftex.def)             Requested size: 234.8775pt x 97.86354pt.
<spec-0710-52203-0556.pdf, id=1119, 867.24pt x 361.35pt>
File: spec-0710-52203-0556.pdf Graphic file (type pdf)
<use spec-0710-52203-0556.pdf>
Package pdftex.def Info: spec-0710-52203-0556.pdf  used on input line 58.
(pdftex.def)             Requested size: 234.8775pt x 97.86354pt.
<spec-1095-52521-0378.pdf, id=1121, 867.24pt x 361.35pt>
File: spec-1095-52521-0378.pdf Graphic file (type pdf)
<use spec-1095-52521-0378.pdf>
Package pdftex.def Info: spec-1095-52521-0378.pdf  used on input line 58.
(pdftex.def)             Requested size: 234.8775pt x 97.86354pt.
<spec-0710-52203-0620.pdf, id=1123, 867.24pt x 361.35pt>
File: spec-0710-52203-0620.pdf Graphic file (type pdf)
<use spec-0710-52203-0620.pdf>
Package pdftex.def Info: spec-0710-52203-0620.pdf  used on input line 59.
(pdftex.def)             Requested size: 234.8775pt x 97.86354pt.
<spec-3306-54922-0325.pdf, id=1125, 867.24pt x 361.35pt>
File: spec-3306-54922-0325.pdf Graphic file (type pdf)
<use spec-3306-54922-0325.pdf>
Package pdftex.def Info: spec-3306-54922-0325.pdf  used on input line 59.
(pdftex.def)             Requested size: 234.8775pt x 97.86354pt.
<spec-0711-52202-0419.pdf, id=1127, 867.24pt x 361.35pt>
File: spec-0711-52202-0419.pdf Graphic file (type pdf)
<use spec-0711-52202-0419.pdf>
Package pdftex.def Info: spec-0711-52202-0419.pdf  used on input line 60.
(pdftex.def)             Requested size: 234.8775pt x 97.86354pt.
<spec-3587-55182-0552.pdf, id=1129, 867.24pt x 361.35pt>
File: spec-3587-55182-0552.pdf Graphic file (type pdf)
<use spec-3587-55182-0552.pdf>
Package pdftex.def Info: spec-3587-55182-0552.pdf  used on input line 60.
(pdftex.def)             Requested size: 234.8775pt x 97.86354pt.
<spec-0712-52199-0603.pdf, id=1131, 867.24pt x 361.35pt>
File: spec-0712-52199-0603.pdf Graphic file (type pdf)
<use spec-0712-52199-0603.pdf>
Package pdftex.def Info: spec-0712-52199-0603.pdf  used on input line 61.
(pdftex.def)             Requested size: 234.8775pt x 97.86354pt.
<spec-3588-55184-0604.pdf, id=1133, 867.24pt x 361.35pt>
File: spec-3588-55184-0604.pdf Graphic file (type pdf)
<use spec-3588-55184-0604.pdf>
Package pdftex.def Info: spec-3588-55184-0604.pdf  used on input line 61.
(pdftex.def)             Requested size: 234.8775pt x 97.86354pt.
<spec-0713-52178-0207.pdf, id=1135, 867.24pt x 361.35pt>
File: spec-0713-52178-0207.pdf Graphic file (type pdf)
<use spec-0713-52178-0207.pdf>
Package pdftex.def Info: spec-0713-52178-0207.pdf  used on input line 62.
(pdftex.def)             Requested size: 234.8775pt x 97.86354pt.
<spec-3609-55201-0610.pdf, id=1137, 867.24pt x 361.35pt>
File: spec-3609-55201-0610.pdf Graphic file (type pdf)
<use spec-3609-55201-0610.pdf>
Package pdftex.def Info: spec-3609-55201-0610.pdf  used on input line 62.
(pdftex.def)             Requested size: 234.8775pt x 97.86354pt.
<spec-0913-52433-0008.pdf, id=1139, 867.24pt x 361.35pt>
File: spec-0913-52433-0008.pdf Graphic file (type pdf)
<use spec-0913-52433-0008.pdf>
Package pdftex.def Info: spec-0913-52433-0008.pdf  used on input line 63.
(pdftex.def)             Requested size: 234.8775pt x 97.86354pt.
<spec-3775-55207-0450.pdf, id=1141, 867.24pt x 361.35pt>
File: spec-3775-55207-0450.pdf Graphic file (type pdf)
<use spec-3775-55207-0450.pdf>
Package pdftex.def Info: spec-3775-55207-0450.pdf  used on input line 63.
(pdftex.def)             Requested size: 234.8775pt x 97.86354pt.

Overfull \hbox (24.00002pt too wide) in alignment at lines 44--64
 [] [] [] [] 
 []

[3 <./spec-0385-51783-0395.pdf> <./spec-0376-52143-0631.pdf> <./spec-0388-51793
-0054.pdf> <./spec-0377-52145-0456.pdf> <./spec-0389-51795-0421.pdf> <./spec-03
77-52145-0484.pdf> <./spec-0389-51795-0544.pdf> <./spec-0377-52145-0539.pdf> <.
/spec-0391-51782-0286.pdf> <./spec-0378-52146-0223.pdf> <./spec-0391-51782-0394
.pdf> <./spec-0378-52146-0588.pdf>] [4 <./spec-0391-51782-0625.pdf> <./spec-038
0-51792-0081.pdf> <./spec-0393-51794-0273.pdf> <./spec-0380-51792-0575.pdf> <./
spec-0397-51794-0336.pdf> <./spec-0381-51811-0086.pdf> <./spec-0399-51817-0514.
pdf> <./spec-0381-51811-0385.pdf> <./spec-0405-51816-0593.pdf> <./spec-0381-518
11-0596.pdf> <./spec-0408-51821-0064.pdf> <./spec-0416-51811-0065.pdf>]
[5 <./spec-0408-51821-0296.pdf> <./spec-0416-51811-0427.pdf> <./spec-0409-51871
-0467.pdf> <./spec-0416-51811-0436.pdf> <./spec-0409-51871-0596.pdf> <./spec-04
16-51811-0537.pdf> <./spec-0410-51877-0519.pdf> <./spec-0501-52235-0277.pdf> <.
/spec-0410-51877-0527.pdf> <./spec-0513-51989-0054.pdf> <./spec-0411-51817-0159
.pdf> <./spec-0515-52051-0011.pdf>] [6 <./spec-0411-51817-0578.pdf> <./spec-052
0-52288-0312.pdf> <./spec-0411-51817-0590.pdf> <./spec-0572-52289-0028.pdf> <./
spec-0413-51821-0590.pdf> <./spec-0584-52049-0578.pdf> <./spec-0415-51810-0420.
pdf> <./spec-0584-52049-0618.pdf> <./spec-0677-52606-0545.pdf> <./spec-0673-521
62-0547.pdf> <./spec-0679-52177-0327.pdf> <./spec-0674-52201-0043.pdf>]
<spec-0914-52721-0103.pdf, id=2939, 867.24pt x 361.35pt>
File: spec-0914-52721-0103.pdf Graphic file (type pdf)
<use spec-0914-52721-0103.pdf>
Package pdftex.def Info: spec-0914-52721-0103.pdf  used on input line 64.
(pdftex.def)             Requested size: 234.8775pt x 97.86354pt.
<spec-3828-55539-0016.pdf, id=2941, 867.24pt x 361.35pt>
File: spec-3828-55539-0016.pdf Graphic file (type pdf)
<use spec-3828-55539-0016.pdf>
Package pdftex.def Info: spec-3828-55539-0016.pdf  used on input line 64.
(pdftex.def)             Requested size: 234.8775pt x 97.86354pt.
<spec-0981-52435-0575.pdf, id=2943, 867.24pt x 361.35pt>
File: spec-0981-52435-0575.pdf Graphic file (type pdf)
<use spec-0981-52435-0575.pdf>
Package pdftex.def Info: spec-0981-52435-0575.pdf  used on input line 65.
(pdftex.def)             Requested size: 234.8775pt x 97.86354pt.
<spec-3841-56016-0794.pdf, id=2945, 867.24pt x 361.35pt>
File: spec-3841-56016-0794.pdf Graphic file (type pdf)
<use spec-3841-56016-0794.pdf>
Package pdftex.def Info: spec-3841-56016-0794.pdf  used on input line 65.
(pdftex.def)             Requested size: 234.8775pt x 97.86354pt.
<spec-0982-52466-0085.pdf, id=2947, 867.24pt x 361.35pt>
File: spec-0982-52466-0085.pdf Graphic file (type pdf)
<use spec-0982-52466-0085.pdf>
Package pdftex.def Info: spec-0982-52466-0085.pdf  used on input line 66.
(pdftex.def)             Requested size: 234.8775pt x 97.86354pt.
<spec-3842-55565-0550.pdf, id=2949, 867.24pt x 361.35pt>
File: spec-3842-55565-0550.pdf Graphic file (type pdf)
<use spec-3842-55565-0550.pdf>
Package pdftex.def Info: spec-3842-55565-0550.pdf  used on input line 66.
(pdftex.def)             Requested size: 234.8775pt x 97.86354pt.
<spec-0982-52466-0417.pdf, id=2951, 867.24pt x 361.35pt>
File: spec-0982-52466-0417.pdf Graphic file (type pdf)
<use spec-0982-52466-0417.pdf>
Package pdftex.def Info: spec-0982-52466-0417.pdf  used on input line 67.
(pdftex.def)             Requested size: 234.8775pt x 97.86354pt.
<spec-3847-55588-0744.pdf, id=2953, 867.24pt x 361.35pt>
File: spec-3847-55588-0744.pdf Graphic file (type pdf)
<use spec-3847-55588-0744.pdf>
Package pdftex.def Info: spec-3847-55588-0744.pdf  used on input line 67.
(pdftex.def)             Requested size: 234.8775pt x 97.86354pt.
<spec-0983-52443-0348.pdf, id=2955, 867.24pt x 361.35pt>
File: spec-0983-52443-0348.pdf Graphic file (type pdf)
<use spec-0983-52443-0348.pdf>
Package pdftex.def Info: spec-0983-52443-0348.pdf  used on input line 68.
(pdftex.def)             Requested size: 234.8775pt x 97.86354pt.
<spec-3847-55588-0804.pdf, id=2957, 867.24pt x 361.35pt>
File: spec-3847-55588-0804.pdf Graphic file (type pdf)
<use spec-3847-55588-0804.pdf>
Package pdftex.def Info: spec-3847-55588-0804.pdf  used on input line 68.
(pdftex.def)             Requested size: 234.8775pt x 97.86354pt.
<spec-0984-52442-0311.pdf, id=2959, 867.24pt x 361.35pt>
File: spec-0984-52442-0311.pdf Graphic file (type pdf)
<use spec-0984-52442-0311.pdf>
Package pdftex.def Info: spec-0984-52442-0311.pdf  used on input line 69.
(pdftex.def)             Requested size: 234.8775pt x 97.86354pt.
<spec-4041-55361-0286.pdf, id=2961, 867.24pt x 361.35pt>
File: spec-4041-55361-0286.pdf Graphic file (type pdf)
<use spec-4041-55361-0286.pdf>
Package pdftex.def Info: spec-4041-55361-0286.pdf  used on input line 69.
(pdftex.def)             Requested size: 234.8775pt x 97.86354pt.
<spec-1114-53179-0599.pdf, id=2963, 867.24pt x 361.35pt>
File: spec-1114-53179-0599.pdf Graphic file (type pdf)
<use spec-1114-53179-0599.pdf>
Package pdftex.def Info: spec-1114-53179-0599.pdf  used on input line 70.
(pdftex.def)             Requested size: 234.8775pt x 97.86354pt.
<spec-4191-55444-0262.pdf, id=2965, 867.24pt x 361.35pt>
File: spec-4191-55444-0262.pdf Graphic file (type pdf)
<use spec-4191-55444-0262.pdf>
Package pdftex.def Info: spec-4191-55444-0262.pdf  used on input line 70.
(pdftex.def)             Requested size: 234.8775pt x 97.86354pt.
<spec-1117-52885-0395.pdf, id=2967, 867.24pt x 361.35pt>
File: spec-1117-52885-0395.pdf Graphic file (type pdf)
<use spec-1117-52885-0395.pdf>
Package pdftex.def Info: spec-1117-52885-0395.pdf  used on input line 71.
(pdftex.def)             Requested size: 234.8775pt x 97.86354pt.
<spec-4194-55450-0438.pdf, id=2969, 867.24pt x 361.35pt>
File: spec-4194-55450-0438.pdf Graphic file (type pdf)
<use spec-4194-55450-0438.pdf>
Package pdftex.def Info: spec-4194-55450-0438.pdf  used on input line 71.
(pdftex.def)             Requested size: 234.8775pt x 97.86354pt.
<spec-1155-52581-0250.pdf, id=2971, 867.24pt x 361.35pt>
File: spec-1155-52581-0250.pdf Graphic file (type pdf)
<use spec-1155-52581-0250.pdf>
Package pdftex.def Info: spec-1155-52581-0250.pdf  used on input line 72.
(pdftex.def)             Requested size: 234.8775pt x 97.86354pt.
<spec-4196-55478-0600.pdf, id=2973, 867.24pt x 361.35pt>
File: spec-4196-55478-0600.pdf Graphic file (type pdf)
<use spec-4196-55478-0600.pdf>
Package pdftex.def Info: spec-4196-55478-0600.pdf  used on input line 72.
(pdftex.def)             Requested size: 234.8775pt x 97.86354pt.
<spec-1504-52940-0013.pdf, id=2975, 867.24pt x 361.35pt>
File: spec-1504-52940-0013.pdf Graphic file (type pdf)
<use spec-1504-52940-0013.pdf>
Package pdftex.def Info: spec-1504-52940-0013.pdf  used on input line 73.
(pdftex.def)             Requested size: 234.8775pt x 97.86354pt.
<spec-4199-55481-0104.pdf, id=2977, 867.24pt x 361.35pt>
File: spec-4199-55481-0104.pdf Graphic file (type pdf)
<use spec-4199-55481-0104.pdf>
Package pdftex.def Info: spec-4199-55481-0104.pdf  used on input line 73.
(pdftex.def)             Requested size: 234.8775pt x 97.86354pt.
<spec-1512-53742-0430.pdf, id=2979, 867.24pt x 361.35pt>
File: spec-1512-53742-0430.pdf Graphic file (type pdf)
<use spec-1512-53742-0430.pdf>
Package pdftex.def Info: spec-1512-53742-0430.pdf  used on input line 74.
(pdftex.def)             Requested size: 234.8775pt x 97.86354pt.
<spec-4379-55881-0644.pdf, id=2981, 867.24pt x 361.35pt>
File: spec-4379-55881-0644.pdf Graphic file (type pdf)
<use spec-4379-55881-0644.pdf>
Package pdftex.def Info: spec-4379-55881-0644.pdf  used on input line 74.
(pdftex.def)             Requested size: 234.8775pt x 97.86354pt.
<spec-1827-53531-0289.pdf, id=2983, 867.24pt x 361.35pt>
File: spec-1827-53531-0289.pdf Graphic file (type pdf)
<use spec-1827-53531-0289.pdf>
Package pdftex.def Info: spec-1827-53531-0289.pdf  used on input line 75.
(pdftex.def)             Requested size: 234.8775pt x 97.86354pt.
<spec-4740-55651-0188.pdf, id=2985, 867.24pt x 361.35pt>
File: spec-4740-55651-0188.pdf Graphic file (type pdf)
<use spec-4740-55651-0188.pdf>
Package pdftex.def Info: spec-4740-55651-0188.pdf  used on input line 75.
(pdftex.def)             Requested size: 234.8775pt x 97.86354pt.
<spec-1829-53494-0276.pdf, id=2987, 867.24pt x 361.35pt>
File: spec-1829-53494-0276.pdf Graphic file (type pdf)
<use spec-1829-53494-0276.pdf>
Package pdftex.def Info: spec-1829-53494-0276.pdf  used on input line 76.
(pdftex.def)             Requested size: 234.8775pt x 97.86354pt.
<spec-5144-55829-0126.pdf, id=2989, 867.24pt x 361.35pt>
File: spec-5144-55829-0126.pdf Graphic file (type pdf)
<use spec-5144-55829-0126.pdf>
Package pdftex.def Info: spec-5144-55829-0126.pdf  used on input line 76.
(pdftex.def)             Requested size: 234.8775pt x 97.86354pt.
<spec-1901-53261-0086.pdf, id=2991, 867.24pt x 361.35pt>
File: spec-1901-53261-0086.pdf Graphic file (type pdf)
<use spec-1901-53261-0086.pdf>
Package pdftex.def Info: spec-1901-53261-0086.pdf  used on input line 77.
(pdftex.def)             Requested size: 234.8775pt x 97.86354pt.
<spec-6780-56577-0337.pdf, id=2993, 867.24pt x 361.35pt>
File: spec-6780-56577-0337.pdf Graphic file (type pdf)
<use spec-6780-56577-0337.pdf>
Package pdftex.def Info: spec-6780-56577-0337.pdf  used on input line 77.
(pdftex.def)             Requested size: 234.8775pt x 97.86354pt.
<spec-2866-54478-0091.pdf, id=2995, 867.24pt x 361.35pt>
File: spec-2866-54478-0091.pdf Graphic file (type pdf)
<use spec-2866-54478-0091.pdf>
Package pdftex.def Info: spec-2866-54478-0091.pdf  used on input line 78.
(pdftex.def)             Requested size: 234.8775pt x 97.86354pt.
<spec-6781-56274-0476.pdf, id=2997, 867.24pt x 361.35pt>
File: spec-6781-56274-0476.pdf Graphic file (type pdf)
<use spec-6781-56274-0476.pdf>
Package pdftex.def Info: spec-6781-56274-0476.pdf  used on input line 78.
(pdftex.def)             Requested size: 234.8775pt x 97.86354pt.
<spec-3111-54800-0297.pdf, id=2999, 867.24pt x 361.35pt>
File: spec-3111-54800-0297.pdf Graphic file (type pdf)
<use spec-3111-54800-0297.pdf>
Package pdftex.def Info: spec-3111-54800-0297.pdf  used on input line 79.
(pdftex.def)             Requested size: 234.8775pt x 97.86354pt.
<spec-6781-56274-0571.pdf, id=3001, 867.24pt x 361.35pt>
File: spec-6781-56274-0571.pdf Graphic file (type pdf)
<use spec-6781-56274-0571.pdf>
Package pdftex.def Info: spec-6781-56274-0571.pdf  used on input line 79.
(pdftex.def)             Requested size: 234.8775pt x 97.86354pt.
<spec-4202-55445-0880.pdf, id=3003, 867.24pt x 361.35pt>
File: spec-4202-55445-0880.pdf Graphic file (type pdf)
<use spec-4202-55445-0880.pdf>
Package pdftex.def Info: spec-4202-55445-0880.pdf  used on input line 80.
(pdftex.def)             Requested size: 234.8775pt x 97.86354pt.
<spec-6782-56572-0334.pdf, id=3005, 867.24pt x 361.35pt>
File: spec-6782-56572-0334.pdf Graphic file (type pdf)
<use spec-6782-56572-0334.pdf>
Package pdftex.def Info: spec-6782-56572-0334.pdf  used on input line 80.
(pdftex.def)             Requested size: 234.8775pt x 97.86354pt.
<spec-4208-55476-0302.pdf, id=3007, 867.24pt x 361.35pt>
File: spec-4208-55476-0302.pdf Graphic file (type pdf)
<use spec-4208-55476-0302.pdf>
Package pdftex.def Info: spec-4208-55476-0302.pdf  used on input line 81.
(pdftex.def)             Requested size: 234.8775pt x 97.86354pt.
<spec-7332-56683-0577.pdf, id=3009, 867.24pt x 361.35pt>
File: spec-7332-56683-0577.pdf Graphic file (type pdf)
<use spec-7332-56683-0577.pdf>
Package pdftex.def Info: spec-7332-56683-0577.pdf  used on input line 81.
(pdftex.def)             Requested size: 234.8775pt x 97.86354pt.
<spec-4208-55476-0632.pdf, id=3011, 867.24pt x 361.35pt>
File: spec-4208-55476-0632.pdf Graphic file (type pdf)
<use spec-4208-55476-0632.pdf>
Package pdftex.def Info: spec-4208-55476-0632.pdf  used on input line 82.
(pdftex.def)             Requested size: 234.8775pt x 97.86354pt.
<spec-7820-56984-0072.pdf, id=3013, 867.24pt x 361.35pt>
File: spec-7820-56984-0072.pdf Graphic file (type pdf)
<use spec-7820-56984-0072.pdf>
Package pdftex.def Info: spec-7820-56984-0072.pdf  used on input line 82.
(pdftex.def)             Requested size: 234.8775pt x 97.86354pt.
<spec-4220-55447-0418.pdf, id=3015, 867.24pt x 361.35pt>
File: spec-4220-55447-0418.pdf Graphic file (type pdf)
<use spec-4220-55447-0418.pdf>
Package pdftex.def Info: spec-4220-55447-0418.pdf  used on input line 83.
(pdftex.def)             Requested size: 234.8775pt x 97.86354pt.
<spec-8789-57358-0340.pdf, id=3017, 867.24pt x 361.35pt>
File: spec-8789-57358-0340.pdf Graphic file (type pdf)
<use spec-8789-57358-0340.pdf>
Package pdftex.def Info: spec-8789-57358-0340.pdf  used on input line 83.
(pdftex.def)             Requested size: 234.8775pt x 97.86354pt.

Overfull \hbox (24.00002pt too wide) in alignment at lines 64--84
 [] [] [] [] 
 []

[7 <./spec-0680-52200-0153.pdf> <./spec-0676-52178-0344.pdf> <./spec-0682-52525
-0044.pdf> <./spec-0687-52518-0474.pdf> <./spec-0683-52524-0104.pdf> <./spec-06
87-52518-0485.pdf> <./spec-0686-52519-0275.pdf> <./spec-0689-52262-0247.pdf> <.
/spec-0687-52518-0113.pdf> <./spec-0689-52262-0402.pdf> <./spec-0687-52518-0444
.pdf> <./spec-0691-52199-0602.pdf>] [8 <./spec-0696-52209-0580.pdf> <./spec-069
2-52201-0083.pdf> <./spec-0699-52202-0498.pdf> <./spec-0695-52202-0519.pdf> <./
spec-0700-52199-0492.pdf> <./spec-0696-52209-0493.pdf> <./spec-0701-52179-0153.
pdf> <./spec-0984-52442-0533.pdf> <./spec-0702-52178-0098.pdf> <./spec-0985-524
31-0223.pdf> <./spec-0702-52178-0299.pdf> <./spec-0989-52468-0200.pdf>]
[9 <./spec-0703-52209-0097.pdf> <./spec-1021-52460-0167.pdf> <./spec-0705-52200
-0149.pdf> <./spec-1064-52577-0175.pdf> <./spec-0707-52177-0142.pdf> <./spec-10
69-52590-0197.pdf> <./spec-0708-52175-0259.pdf> <./spec-1076-52914-0565.pdf> <.
/spec-0710-52203-0439.pdf> <./spec-1079-52621-0616.pdf> <./spec-0710-52203-0556
.pdf> <./spec-1095-52521-0378.pdf>]
<spec-4232-55447-0740.pdf, id=4367, 867.24pt x 361.35pt>
File: spec-4232-55447-0740.pdf Graphic file (type pdf)
<use spec-4232-55447-0740.pdf>
Package pdftex.def Info: spec-4232-55447-0740.pdf  used on input line 84.
(pdftex.def)             Requested size: 234.8775pt x 97.86354pt.
<spec-8790-57363-0208.pdf, id=4369, 867.24pt x 361.35pt>
File: spec-8790-57363-0208.pdf Graphic file (type pdf)
<use spec-8790-57363-0208.pdf>
Package pdftex.def Info: spec-8790-57363-0208.pdf  used on input line 84.
(pdftex.def)             Requested size: 234.8775pt x 97.86354pt.
<spec-4237-55478-0412.pdf, id=4371, 867.24pt x 361.35pt>
File: spec-4237-55478-0412.pdf Graphic file (type pdf)
<use spec-4237-55478-0412.pdf>
Package pdftex.def Info: spec-4237-55478-0412.pdf  used on input line 85.
(pdftex.def)             Requested size: 234.8775pt x 97.86354pt.
<spec-8791-57373-0815.pdf, id=4373, 867.24pt x 361.35pt>
File: spec-8791-57373-0815.pdf Graphic file (type pdf)
<use spec-8791-57373-0815.pdf>
Package pdftex.def Info: spec-8791-57373-0815.pdf  used on input line 85.
(pdftex.def)             Requested size: 234.8775pt x 97.86354pt.
<spec-4241-55450-0232.pdf, id=4375, 867.24pt x 361.35pt>
File: spec-4241-55450-0232.pdf Graphic file (type pdf)
<use spec-4241-55450-0232.pdf>
Package pdftex.def Info: spec-4241-55450-0232.pdf  used on input line 86.
(pdftex.def)             Requested size: 234.8775pt x 97.86354pt.
<spec-9139-58038-0478.pdf, id=4377, 867.24pt x 361.35pt>
File: spec-9139-58038-0478.pdf Graphic file (type pdf)
<use spec-9139-58038-0478.pdf>
Package pdftex.def Info: spec-9139-58038-0478.pdf  used on input line 86.
(pdftex.def)             Requested size: 234.8775pt x 97.86354pt.
<spec-4344-55557-0830.pdf, id=4379, 867.24pt x 361.35pt>
File: spec-4344-55557-0830.pdf Graphic file (type pdf)
<use spec-4344-55557-0830.pdf>
Package pdftex.def Info: spec-4344-55557-0830.pdf  used on input line 87.
(pdftex.def)             Requested size: 234.8775pt x 97.86354pt.
<spec-9144-57666-0046.pdf, id=4381, 867.24pt x 361.35pt>
File: spec-9144-57666-0046.pdf Graphic file (type pdf)
<use spec-9144-57666-0046.pdf>
Package pdftex.def Info: spec-9144-57666-0046.pdf  used on input line 87.
(pdftex.def)             Requested size: 234.8775pt x 97.86354pt.
<spec-7822-57041-0034.pdf, id=4383, 867.24pt x 361.35pt>
File: spec-7822-57041-0034.pdf Graphic file (type pdf)
<use spec-7822-57041-0034.pdf>
Package pdftex.def Info: spec-7822-57041-0034.pdf  used on input line 88.
(pdftex.def)             Requested size: 234.8775pt x 97.86354pt.
<spec-9145-58041-0210.pdf, id=4385, 867.24pt x 361.35pt>
File: spec-9145-58041-0210.pdf Graphic file (type pdf)
<use spec-9145-58041-0210.pdf>
Package pdftex.def Info: spec-9145-58041-0210.pdf  used on input line 88.
(pdftex.def)             Requested size: 234.8775pt x 97.86354pt.
<spec-7831-57016-0781.pdf, id=4387, 867.24pt x 361.35pt>
File: spec-7831-57016-0781.pdf Graphic file (type pdf)
<use spec-7831-57016-0781.pdf>
Package pdftex.def Info: spec-7831-57016-0781.pdf  used on input line 89.
(pdftex.def)             Requested size: 234.8775pt x 97.86354pt.
<spec-9145-58041-0446.pdf, id=4389, 867.24pt x 361.35pt>
File: spec-9145-58041-0446.pdf Graphic file (type pdf)
<use spec-9145-58041-0446.pdf>
Package pdftex.def Info: spec-9145-58041-0446.pdf  used on input line 89.
(pdftex.def)             Requested size: 234.8775pt x 97.86354pt.
<spec-7856-57260-0204.pdf, id=4391, 867.24pt x 361.35pt>
File: spec-7856-57260-0204.pdf Graphic file (type pdf)
<use spec-7856-57260-0204.pdf>
Package pdftex.def Info: spec-7856-57260-0204.pdf  used on input line 90.
(pdftex.def)             Requested size: 234.8775pt x 97.86354pt.
<spec-9146-58042-0345.pdf, id=4393, 867.24pt x 361.35pt>
File: spec-9146-58042-0345.pdf Graphic file (type pdf)
<use spec-9146-58042-0345.pdf>
Package pdftex.def Info: spec-9146-58042-0345.pdf  used on input line 90.
(pdftex.def)             Requested size: 234.8775pt x 97.86354pt.
<spec-7860-57006-0162.pdf, id=4395, 867.24pt x 361.35pt>
File: spec-7860-57006-0162.pdf Graphic file (type pdf)
<use spec-7860-57006-0162.pdf>
Package pdftex.def Info: spec-7860-57006-0162.pdf  used on input line 91.
(pdftex.def)             Requested size: 234.8775pt x 97.86354pt.
<spec-9146-58042-0510.pdf, id=4397, 867.24pt x 361.35pt>
File: spec-9146-58042-0510.pdf Graphic file (type pdf)
<use spec-9146-58042-0510.pdf>
Package pdftex.def Info: spec-9146-58042-0510.pdf  used on input line 91.
(pdftex.def)             Requested size: 234.8775pt x 97.86354pt.
<spec-7870-57016-0036.pdf, id=4399, 867.24pt x 361.35pt>
File: spec-7870-57016-0036.pdf Graphic file (type pdf)
<use spec-7870-57016-0036.pdf>
Package pdftex.def Info: spec-7870-57016-0036.pdf  used on input line 92.
(pdftex.def)             Requested size: 234.8775pt x 97.86354pt.
<spec-9146-58042-0632.pdf, id=4401, 867.24pt x 361.35pt>
File: spec-9146-58042-0632.pdf Graphic file (type pdf)
<use spec-9146-58042-0632.pdf>
Package pdftex.def Info: spec-9146-58042-0632.pdf  used on input line 92.
(pdftex.def)             Requested size: 234.8775pt x 97.86354pt.
<spec-7872-57279-0585.pdf, id=4403, 867.24pt x 361.35pt>
File: spec-7872-57279-0585.pdf Graphic file (type pdf)
<use spec-7872-57279-0585.pdf>
Package pdftex.def Info: spec-7872-57279-0585.pdf  used on input line 93.
(pdftex.def)             Requested size: 234.8775pt x 97.86354pt.
<spec-9163-58043-0138.pdf, id=4405, 867.24pt x 361.35pt>
File: spec-9163-58043-0138.pdf Graphic file (type pdf)
<use spec-9163-58043-0138.pdf>
Package pdftex.def Info: spec-9163-58043-0138.pdf  used on input line 93.
(pdftex.def)             Requested size: 234.8775pt x 97.86354pt.
<spec-7872-57279-0642.pdf, id=4407, 867.24pt x 361.35pt>
File: spec-7872-57279-0642.pdf Graphic file (type pdf)
<use spec-7872-57279-0642.pdf>
Package pdftex.def Info: spec-7872-57279-0642.pdf  used on input line 94.
(pdftex.def)             Requested size: 234.8775pt x 97.86354pt.
<spec-9163-58043-0152.pdf, id=4409, 867.24pt x 361.35pt>
File: spec-9163-58043-0152.pdf Graphic file (type pdf)
<use spec-9163-58043-0152.pdf>
Package pdftex.def Info: spec-9163-58043-0152.pdf  used on input line 94.
(pdftex.def)             Requested size: 234.8775pt x 97.86354pt.
<spec-7876-57002-0974.pdf, id=4411, 867.24pt x 361.35pt>
File: spec-7876-57002-0974.pdf Graphic file (type pdf)
<use spec-7876-57002-0974.pdf>
Package pdftex.def Info: spec-7876-57002-0974.pdf  used on input line 95.
(pdftex.def)             Requested size: 234.8775pt x 97.86354pt.
<spec-9163-58043-0440.pdf, id=4413, 867.24pt x 361.35pt>
File: spec-9163-58043-0440.pdf Graphic file (type pdf)
<use spec-9163-58043-0440.pdf>
Package pdftex.def Info: spec-9163-58043-0440.pdf  used on input line 95.
(pdftex.def)             Requested size: 234.8775pt x 97.86354pt.
<spec-9147-58038-0269.pdf, id=4415, 867.24pt x 361.35pt>
File: spec-9147-58038-0269.pdf Graphic file (type pdf)
<use spec-9147-58038-0269.pdf>
Package pdftex.def Info: spec-9147-58038-0269.pdf  used on input line 96.
(pdftex.def)             Requested size: 234.8775pt x 97.86354pt.
<spec-9180-57693-0793.pdf, id=4417, 867.24pt x 361.35pt>
File: spec-9180-57693-0793.pdf Graphic file (type pdf)
<use spec-9180-57693-0793.pdf>
Package pdftex.def Info: spec-9180-57693-0793.pdf  used on input line 96.
(pdftex.def)             Requested size: 234.8775pt x 97.86354pt.
<spec-9147-58038-0376.pdf, id=4419, 867.24pt x 361.35pt>
File: spec-9147-58038-0376.pdf Graphic file (type pdf)
<use spec-9147-58038-0376.pdf>
Package pdftex.def Info: spec-9147-58038-0376.pdf  used on input line 97.
(pdftex.def)             Requested size: 234.8775pt x 97.86354pt.
<spec-9198-57713-0538.pdf, id=4421, 867.24pt x 361.35pt>
File: spec-9198-57713-0538.pdf Graphic file (type pdf)
<use spec-9198-57713-0538.pdf>
Package pdftex.def Info: spec-9198-57713-0538.pdf  used on input line 97.
(pdftex.def)             Requested size: 234.8775pt x 97.86354pt.
<spec-9147-58038-0401.pdf, id=4423, 867.24pt x 361.35pt>
File: spec-9147-58038-0401.pdf Graphic file (type pdf)
<use spec-9147-58038-0401.pdf>
Package pdftex.def Info: spec-9147-58038-0401.pdf  used on input line 98.
(pdftex.def)             Requested size: 234.8775pt x 97.86354pt.
<spec-9201-57724-0285.pdf, id=4425, 867.24pt x 361.35pt>
File: spec-9201-57724-0285.pdf Graphic file (type pdf)
<use spec-9201-57724-0285.pdf>
Package pdftex.def Info: spec-9201-57724-0285.pdf  used on input line 98.
(pdftex.def)             Requested size: 234.8775pt x 97.86354pt.
<spec-9151-58067-0320.pdf, id=4427, 867.24pt x 361.35pt>
File: spec-9151-58067-0320.pdf Graphic file (type pdf)
<use spec-9151-58067-0320.pdf>
Package pdftex.def Info: spec-9151-58067-0320.pdf  used on input line 99.
(pdftex.def)             Requested size: 234.8775pt x 97.86354pt.
<spec-9203-57692-0936.pdf, id=4429, 867.24pt x 361.35pt>
File: spec-9203-57692-0936.pdf Graphic file (type pdf)
<use spec-9203-57692-0936.pdf>
Package pdftex.def Info: spec-9203-57692-0936.pdf  used on input line 99.
(pdftex.def)             Requested size: 234.8775pt x 97.86354pt.
<spec-9152-58041-0463.pdf, id=4431, 867.24pt x 361.35pt>
File: spec-9152-58041-0463.pdf Graphic file (type pdf)
<use spec-9152-58041-0463.pdf>
Package pdftex.def Info: spec-9152-58041-0463.pdf  used on input line 100.
(pdftex.def)             Requested size: 234.8775pt x 97.86354pt.
<spec-9204-57712-0040.pdf, id=4433, 867.24pt x 361.35pt>
File: spec-9204-57712-0040.pdf Graphic file (type pdf)
<use spec-9204-57712-0040.pdf>
Package pdftex.def Info: spec-9204-57712-0040.pdf  used on input line 100.
(pdftex.def)             Requested size: 234.8775pt x 97.86354pt.
<spec-9153-58022-0468.pdf, id=4435, 867.24pt x 361.35pt>
File: spec-9153-58022-0468.pdf Graphic file (type pdf)
<use spec-9153-58022-0468.pdf>
Package pdftex.def Info: spec-9153-58022-0468.pdf  used on input line 101.
(pdftex.def)             Requested size: 234.8775pt x 97.86354pt.
<spec-9208-57688-0439.pdf, id=4437, 867.24pt x 361.35pt>
File: spec-9208-57688-0439.pdf Graphic file (type pdf)
<use spec-9208-57688-0439.pdf>
Package pdftex.def Info: spec-9208-57688-0439.pdf  used on input line 101.
(pdftex.def)             Requested size: 234.8775pt x 97.86354pt.
<spec-9155-58043-0666.pdf, id=4439, 867.24pt x 361.35pt>
File: spec-9155-58043-0666.pdf Graphic file (type pdf)
<use spec-9155-58043-0666.pdf>
Package pdftex.def Info: spec-9155-58043-0666.pdf  used on input line 102.
(pdftex.def)             Requested size: 234.8775pt x 97.86354pt.
<spec-9216-57693-0875.pdf, id=4441, 867.24pt x 361.35pt>
File: spec-9216-57693-0875.pdf Graphic file (type pdf)
<use spec-9216-57693-0875.pdf>
Package pdftex.def Info: spec-9216-57693-0875.pdf  used on input line 102.
(pdftex.def)             Requested size: 234.8775pt x 97.86354pt.
<spec-9156-58039-0544.pdf, id=4443, 867.24pt x 361.35pt>
File: spec-9156-58039-0544.pdf Graphic file (type pdf)
<use spec-9156-58039-0544.pdf>
Package pdftex.def Info: spec-9156-58039-0544.pdf  used on input line 103.
(pdftex.def)             Requested size: 234.8775pt x 97.86354pt.
<spec-9217-57934-0197.pdf, id=4445, 867.24pt x 361.35pt>
File: spec-9217-57934-0197.pdf Graphic file (type pdf)
<use spec-9217-57934-0197.pdf>
Package pdftex.def Info: spec-9217-57934-0197.pdf  used on input line 103.
(pdftex.def)             Requested size: 234.8775pt x 97.86354pt.

Overfull \hbox (24.00002pt too wide) in alignment at lines 84--104
 [] [] [] [] 
 []

[10 <./spec-0710-52203-0620.pdf> <./spec-3306-54922-0325.pdf> <./spec-0711-5220
2-0419.pdf> <./spec-3587-55182-0552.pdf> <./spec-0712-52199-0603.pdf> <./spec-3
588-55184-0604.pdf> <./spec-0713-52178-0207.pdf> <./spec-3609-55201-0610.pdf> <
./spec-0913-52433-0008.pdf> <./spec-3775-55207-0450.pdf> <./spec-0914-52721-010
3.pdf> <./spec-3828-55539-0016.pdf>] [11 <./spec-0981-52435-0575.pdf> <./spec-3
841-56016-0794.pdf> <./spec-0982-52466-0085.pdf> <./spec-3842-55565-0550.pdf> <
./spec-0982-52466-0417.pdf> <./spec-3847-55588-0744.pdf> <./spec-0983-52443-034
8.pdf> <./spec-3847-55588-0804.pdf> <./spec-0984-52442-0311.pdf> <./spec-4041-5
5361-0286.pdf> <./spec-1114-53179-0599.pdf> <./spec-4191-55444-0262.pdf>]
[12 <./spec-1117-52885-0395.pdf> <./spec-4194-55450-0438.pdf> <./spec-1155-5258
1-0250.pdf> <./spec-4196-55478-0600.pdf> <./spec-1504-52940-0013.pdf> <./spec-4
199-55481-0104.pdf> <./spec-1512-53742-0430.pdf> <./spec-4379-55881-0644.pdf> <
./spec-1827-53531-0289.pdf> <./spec-4740-55651-0188.pdf> <./spec-1829-53494-027
6.pdf> <./spec-5144-55829-0126.pdf>]
<spec-9209-57686-0709.pdf, id=5798, 867.24pt x 361.35pt>
File: spec-9209-57686-0709.pdf Graphic file (type pdf)
<use spec-9209-57686-0709.pdf>
Package pdftex.def Info: spec-9209-57686-0709.pdf  used on input line 104.
(pdftex.def)             Requested size: 234.8775pt x 97.86354pt.
<spec-9217-57934-0839.pdf, id=5800, 867.24pt x 361.35pt>
File: spec-9217-57934-0839.pdf Graphic file (type pdf)
<use spec-9217-57934-0839.pdf>
Package pdftex.def Info: spec-9217-57934-0839.pdf  used on input line 104.
(pdftex.def)             Requested size: 234.8775pt x 97.86354pt.
<spec-9210-57656-0673.pdf, id=5802, 867.24pt x 361.35pt>
File: spec-9210-57656-0673.pdf Graphic file (type pdf)
<use spec-9210-57656-0673.pdf>
Package pdftex.def Info: spec-9210-57656-0673.pdf  used on input line 105.
(pdftex.def)             Requested size: 234.8775pt x 97.86354pt.
<spec-9220-57932-0636.pdf, id=5804, 867.24pt x 361.35pt>
File: spec-9220-57932-0636.pdf Graphic file (type pdf)
<use spec-9220-57932-0636.pdf>
Package pdftex.def Info: spec-9220-57932-0636.pdf  used on input line 105.
(pdftex.def)             Requested size: 234.8775pt x 97.86354pt.
<spec-9210-57656-0845.pdf, id=5806, 867.24pt x 361.35pt>
File: spec-9210-57656-0845.pdf Graphic file (type pdf)
<use spec-9210-57656-0845.pdf>
Package pdftex.def Info: spec-9210-57656-0845.pdf  used on input line 106.
(pdftex.def)             Requested size: 234.8775pt x 97.86354pt.
<spec-9228-58014-0362.pdf, id=5808, 867.24pt x 361.35pt>
File: spec-9228-58014-0362.pdf Graphic file (type pdf)
<use spec-9228-58014-0362.pdf>
Package pdftex.def Info: spec-9228-58014-0362.pdf  used on input line 106.
(pdftex.def)             Requested size: 234.8775pt x 97.86354pt.
<spec-9213-57712-0677.pdf, id=5810, 867.24pt x 361.35pt>
File: spec-9213-57712-0677.pdf Graphic file (type pdf)
<use spec-9213-57712-0677.pdf>
Package pdftex.def Info: spec-9213-57712-0677.pdf  used on input line 107.
(pdftex.def)             Requested size: 234.8775pt x 97.86354pt.
<spec-9230-58021-0675.pdf, id=5812, 867.24pt x 361.35pt>
File: spec-9230-58021-0675.pdf Graphic file (type pdf)
<use spec-9230-58021-0675.pdf>
Package pdftex.def Info: spec-9230-58021-0675.pdf  used on input line 107.
(pdftex.def)             Requested size: 234.8775pt x 97.86354pt.
<spec-9213-57712-0731.pdf, id=5814, 867.24pt x 361.35pt>
File: spec-9213-57712-0731.pdf Graphic file (type pdf)
<use spec-9213-57712-0731.pdf>
Package pdftex.def Info: spec-9213-57712-0731.pdf  used on input line 108.
(pdftex.def)             Requested size: 234.8775pt x 97.86354pt.
<spec-9233-58035-0700.pdf, id=5816, 867.24pt x 361.35pt>
File: spec-9233-58035-0700.pdf Graphic file (type pdf)
<use spec-9233-58035-0700.pdf>
Package pdftex.def Info: spec-9233-58035-0700.pdf  used on input line 108.
(pdftex.def)             Requested size: 234.8775pt x 97.86354pt.
<spec-9214-57684-0636.pdf, id=5818, 867.24pt x 361.35pt>
File: spec-9214-57684-0636.pdf Graphic file (type pdf)
<use spec-9214-57684-0636.pdf>
Package pdftex.def Info: spec-9214-57684-0636.pdf  used on input line 109.
(pdftex.def)             Requested size: 234.8775pt x 97.86354pt.
<spec-9238-58013-0137.pdf, id=5820, 867.24pt x 361.35pt>
File: spec-9238-58013-0137.pdf Graphic file (type pdf)
<use spec-9238-58013-0137.pdf>
Package pdftex.def Info: spec-9238-58013-0137.pdf  used on input line 109.
(pdftex.def)             Requested size: 234.8775pt x 97.86354pt.
<spec-9214-57684-0769.pdf, id=5822, 867.24pt x 361.35pt>
File: spec-9214-57684-0769.pdf Graphic file (type pdf)
<use spec-9214-57684-0769.pdf>
Package pdftex.def Info: spec-9214-57684-0769.pdf  used on input line 110.
(pdftex.def)             Requested size: 234.8775pt x 97.86354pt.
<spec-9390-58103-0170.pdf, id=5824, 867.24pt x 361.35pt>
File: spec-9390-58103-0170.pdf Graphic file (type pdf)
<use spec-9390-58103-0170.pdf>
Package pdftex.def Info: spec-9390-58103-0170.pdf  used on input line 110.
(pdftex.def)             Requested size: 234.8775pt x 97.86354pt.
<spec-9214-57684-0949.pdf, id=5826, 867.24pt x 361.35pt>
File: spec-9214-57684-0949.pdf Graphic file (type pdf)
<use spec-9214-57684-0949.pdf>
Package pdftex.def Info: spec-9214-57684-0949.pdf  used on input line 111.
(pdftex.def)             Requested size: 234.8775pt x 97.86354pt.
<spec-9390-58103-0283.pdf, id=5828, 867.24pt x 361.35pt>
File: spec-9390-58103-0283.pdf Graphic file (type pdf)
<use spec-9390-58103-0283.pdf>
Package pdftex.def Info: spec-9390-58103-0283.pdf  used on input line 111.
(pdftex.def)             Requested size: 234.8775pt x 97.86354pt.
<spec-9311-57743-0716.pdf, id=5830, 867.24pt x 361.35pt>
File: spec-9311-57743-0716.pdf Graphic file (type pdf)
<use spec-9311-57743-0716.pdf>
Package pdftex.def Info: spec-9311-57743-0716.pdf  used on input line 112.
(pdftex.def)             Requested size: 234.8775pt x 97.86354pt.
<spec-9392-58104-0419.pdf, id=5832, 867.24pt x 361.35pt>
File: spec-9392-58104-0419.pdf Graphic file (type pdf)
<use spec-9392-58104-0419.pdf>
Package pdftex.def Info: spec-9392-58104-0419.pdf  used on input line 112.
(pdftex.def)             Requested size: 234.8775pt x 97.86354pt.
<spec-9316-58082-0844.pdf, id=5834, 867.24pt x 361.35pt>
File: spec-9316-58082-0844.pdf Graphic file (type pdf)
<use spec-9316-58082-0844.pdf>
Package pdftex.def Info: spec-9316-58082-0844.pdf  used on input line 113.
(pdftex.def)             Requested size: 234.8775pt x 97.86354pt.
<spec-9393-58100-0999.pdf, id=5836, 867.24pt x 361.35pt>
File: spec-9393-58100-0999.pdf Graphic file (type pdf)
<use spec-9393-58100-0999.pdf>
Package pdftex.def Info: spec-9393-58100-0999.pdf  used on input line 113.
(pdftex.def)             Requested size: 234.8775pt x 97.86354pt.
<spec-9328-57727-0667.pdf, id=5838, 867.24pt x 361.35pt>
File: spec-9328-57727-0667.pdf Graphic file (type pdf)
<use spec-9328-57727-0667.pdf>
Package pdftex.def Info: spec-9328-57727-0667.pdf  used on input line 114.
(pdftex.def)             Requested size: 234.8775pt x 97.86354pt.
<spec-9395-58113-0530.pdf, id=5840, 867.24pt x 361.35pt>
File: spec-9395-58113-0530.pdf Graphic file (type pdf)
<use spec-9395-58113-0530.pdf>
Package pdftex.def Info: spec-9395-58113-0530.pdf  used on input line 114.
(pdftex.def)             Requested size: 234.8775pt x 97.86354pt.
<spec-9372-58074-0211.pdf, id=5842, 867.24pt x 361.35pt>
File: spec-9372-58074-0211.pdf Graphic file (type pdf)
<use spec-9372-58074-0211.pdf>
Package pdftex.def Info: spec-9372-58074-0211.pdf  used on input line 115.
(pdftex.def)             Requested size: 234.8775pt x 97.86354pt.
<spec-9396-58101-0408.pdf, id=5844, 867.24pt x 361.35pt>
File: spec-9396-58101-0408.pdf Graphic file (type pdf)
<use spec-9396-58101-0408.pdf>
Package pdftex.def Info: spec-9396-58101-0408.pdf  used on input line 115.
(pdftex.def)             Requested size: 234.8775pt x 97.86354pt.
<spec-9372-58074-0418.pdf, id=5846, 867.24pt x 361.35pt>
File: spec-9372-58074-0418.pdf Graphic file (type pdf)
<use spec-9372-58074-0418.pdf>
Package pdftex.def Info: spec-9372-58074-0418.pdf  used on input line 116.
(pdftex.def)             Requested size: 234.8775pt x 97.86354pt.
<spec-9399-58125-0441.pdf, id=5848, 867.24pt x 361.35pt>
File: spec-9399-58125-0441.pdf Graphic file (type pdf)
<use spec-9399-58125-0441.pdf>
Package pdftex.def Info: spec-9399-58125-0441.pdf  used on input line 116.
(pdftex.def)             Requested size: 234.8775pt x 97.86354pt.
<spec-9378-58071-0545.pdf, id=5850, 867.24pt x 361.35pt>
File: spec-9378-58071-0545.pdf Graphic file (type pdf)
<use spec-9378-58071-0545.pdf>
Package pdftex.def Info: spec-9378-58071-0545.pdf  used on input line 117.
(pdftex.def)             Requested size: 234.8775pt x 97.86354pt.
<spec-9399-58125-0769.pdf, id=5852, 867.24pt x 361.35pt>
File: spec-9399-58125-0769.pdf Graphic file (type pdf)
<use spec-9399-58125-0769.pdf>
Package pdftex.def Info: spec-9399-58125-0769.pdf  used on input line 117.
(pdftex.def)             Requested size: 234.8775pt x 97.86354pt.
<spec-9383-58097-0530.pdf, id=5854, 867.24pt x 361.35pt>
File: spec-9383-58097-0530.pdf Graphic file (type pdf)
<use spec-9383-58097-0530.pdf>
Package pdftex.def Info: spec-9383-58097-0530.pdf  used on input line 118.
(pdftex.def)             Requested size: 234.8775pt x 97.86354pt.
<spec-9402-58039-0879.pdf, id=5856, 867.24pt x 361.35pt>
File: spec-9402-58039-0879.pdf Graphic file (type pdf)
<use spec-9402-58039-0879.pdf>
Package pdftex.def Info: spec-9402-58039-0879.pdf  used on input line 118.
(pdftex.def)             Requested size: 234.8775pt x 97.86354pt.
<spec-9383-58097-0972.pdf, id=5858, 867.24pt x 361.35pt>
File: spec-9383-58097-0972.pdf Graphic file (type pdf)
<use spec-9383-58097-0972.pdf>
Package pdftex.def Info: spec-9383-58097-0972.pdf  used on input line 119.
(pdftex.def)             Requested size: 234.8775pt x 97.86354pt.
<spec-9405-58048-0414.pdf, id=5860, 867.24pt x 361.35pt>
File: spec-9405-58048-0414.pdf Graphic file (type pdf)
<use spec-9405-58048-0414.pdf>
Package pdftex.def Info: spec-9405-58048-0414.pdf  used on input line 119.
(pdftex.def)             Requested size: 234.8775pt x 97.86354pt.
<spec-9384-58080-0771.pdf, id=5862, 867.24pt x 361.35pt>
File: spec-9384-58080-0771.pdf Graphic file (type pdf)
<use spec-9384-58080-0771.pdf>
Package pdftex.def Info: spec-9384-58080-0771.pdf  used on input line 120.
(pdftex.def)             Requested size: 234.8775pt x 97.86354pt.
<spec-9406-58067-0121.pdf, id=5864, 867.24pt x 361.35pt>
File: spec-9406-58067-0121.pdf Graphic file (type pdf)
<use spec-9406-58067-0121.pdf>
Package pdftex.def Info: spec-9406-58067-0121.pdf  used on input line 120.
(pdftex.def)             Requested size: 234.8775pt x 97.86354pt.
<spec-9384-58080-0775.pdf, id=5866, 867.24pt x 361.35pt>
File: spec-9384-58080-0775.pdf Graphic file (type pdf)
<use spec-9384-58080-0775.pdf>
Package pdftex.def Info: spec-9384-58080-0775.pdf  used on input line 121.
(pdftex.def)             Requested size: 234.8775pt x 97.86354pt.
<spec-9406-58067-0764.pdf, id=5868, 867.24pt x 361.35pt>
File: spec-9406-58067-0764.pdf Graphic file (type pdf)
<use spec-9406-58067-0764.pdf>
Package pdftex.def Info: spec-9406-58067-0764.pdf  used on input line 121.
(pdftex.def)             Requested size: 234.8775pt x 97.86354pt.
<spec-9387-58101-0374.pdf, id=5870, 867.24pt x 361.35pt>
File: spec-9387-58101-0374.pdf Graphic file (type pdf)
<use spec-9387-58101-0374.pdf>
Package pdftex.def Info: spec-9387-58101-0374.pdf  used on input line 122.
(pdftex.def)             Requested size: 234.8775pt x 97.86354pt.
<spec-9409-58051-0225.pdf, id=5872, 867.24pt x 361.35pt>
File: spec-9409-58051-0225.pdf Graphic file (type pdf)
<use spec-9409-58051-0225.pdf>
Package pdftex.def Info: spec-9409-58051-0225.pdf  used on input line 122.
(pdftex.def)             Requested size: 234.8775pt x 97.86354pt.
<spec-9388-58074-0598.pdf, id=5874, 867.24pt x 361.35pt>
File: spec-9388-58074-0598.pdf Graphic file (type pdf)
<use spec-9388-58074-0598.pdf>
Package pdftex.def Info: spec-9388-58074-0598.pdf  used on input line 123.
(pdftex.def)             Requested size: 234.8775pt x 97.86354pt.
<spec-9409-58051-0529 (copy).pdf, id=5876, 867.24pt x 361.35pt>
File: spec-9409-58051-0529 (copy).pdf Graphic file (type pdf)
<use spec-9409-58051-0529 (copy).pdf>
Package pdftex.def Info: spec-9409-58051-0529 (copy).pdf  used on input line 12
3.
(pdftex.def)             Requested size: 234.8775pt x 97.86354pt.

Overfull \hbox (24.00002pt too wide) in alignment at lines 104--124
 [] [] [] [] 
 []

[13 <./spec-1901-53261-0086.pdf> <./spec-6780-56577-0337.pdf> <./spec-2866-5447
8-0091.pdf> <./spec-6781-56274-0476.pdf> <./spec-3111-54800-0297.pdf> <./spec-6
781-56274-0571.pdf> <./spec-4202-55445-0880.pdf> <./spec-6782-56572-0334.pdf> <
./spec-4208-55476-0302.pdf> <./spec-7332-56683-0577.pdf> <./spec-4208-55476-063
2.pdf> <./spec-7820-56984-0072.pdf>] [14 <./spec-4220-55447-0418.pdf> <./spec-8
789-57358-0340.pdf> <./spec-4232-55447-0740.pdf> <./spec-8790-57363-0208.pdf> <
./spec-4237-55478-0412.pdf> <./spec-8791-57373-0815.pdf> <./spec-4241-55450-023
2.pdf> <./spec-9139-58038-0478.pdf> <./spec-4344-55557-0830.pdf> <./spec-9144-5
7666-0046.pdf> <./spec-7822-57041-0034.pdf> <./spec-9145-58041-0210.pdf>]
[15 <./spec-7831-57016-0781.pdf> <./spec-9145-58041-0446.pdf> <./spec-7856-5726
0-0204.pdf> <./spec-9146-58042-0345.pdf> <./spec-7860-57006-0162.pdf> <./spec-9
146-58042-0510.pdf> <./spec-7870-57016-0036.pdf> <./spec-9146-58042-0632.pdf> <
./spec-7872-57279-0585.pdf> <./spec-9163-58043-0138.pdf> <./spec-7872-57279-064
2.pdf> <./spec-9163-58043-0152.pdf>] [16 <./spec-7876-57002-0974.pdf> <./spec-9
163-58043-0440.pdf> <./spec-9147-58038-0269.pdf> <./spec-9180-57693-0793.pdf> <
./spec-9147-58038-0376.pdf> <./spec-9198-57713-0538.pdf> <./spec-9147-58038-040
1.pdf> <./spec-9201-57724-0285.pdf> <./spec-9151-58067-0320.pdf> <./spec-9203-5
7692-0936.pdf> <./spec-9152-58041-0463.pdf> <./spec-9204-57712-0040.pdf>]
<spec-9399-58125-0723.pdf, id=7682, 867.24pt x 361.35pt>
File: spec-9399-58125-0723.pdf Graphic file (type pdf)
<use spec-9399-58125-0723.pdf>
Package pdftex.def Info: spec-9399-58125-0723.pdf  used on input line 124.
(pdftex.def)             Requested size: 234.8775pt x 97.86354pt.
<spec-9409-58051-0529.pdf, id=7684, 867.24pt x 361.35pt>
File: spec-9409-58051-0529.pdf Graphic file (type pdf)
<use spec-9409-58051-0529.pdf>
Package pdftex.def Info: spec-9409-58051-0529.pdf  used on input line 124.
(pdftex.def)             Requested size: 234.8775pt x 97.86354pt.
)
Overfull \hbox (24.00002pt too wide) in alignment at lines 124--46
 [] [] [] [] 
 []

[17 <./spec-9153-58022-0468.pdf> <./spec-9208-57688-0439.pdf> <./spec-9155-5804
3-0666.pdf> <./spec-9216-57693-0875.pdf> <./spec-9156-58039-0544.pdf> <./spec-9
217-57934-0197.pdf> <./spec-9209-57686-0709.pdf> <./spec-9217-57934-0839.pdf> <
./spec-9210-57656-0673.pdf> <./spec-9220-57932-0636.pdf> <./spec-9210-57656-084
5.pdf> <./spec-9228-58014-0362.pdf>] [18 <./spec-9213-57712-0677.pdf> <./spec-9
230-58021-0675.pdf> <./spec-9213-57712-0731.pdf> <./spec-9233-58035-0700.pdf> <
./spec-9214-57684-0636.pdf> <./spec-9238-58013-0137.pdf> <./spec-9214-57684-076
9.pdf> <./spec-9390-58103-0170.pdf> <./spec-9214-57684-0949.pdf> <./spec-9390-5
8103-0283.pdf> <./spec-9311-57743-0716.pdf> <./spec-9392-58104-0419.pdf>]
[19 <./spec-9316-58082-0844.pdf> <./spec-9393-58100-0999.pdf> <./spec-9328-5772
7-0667.pdf> <./spec-9395-58113-0530.pdf> <./spec-9372-58074-0211.pdf> <./spec-9
396-58101-0408.pdf> <./spec-9372-58074-0418.pdf> <./spec-9399-58125-0441.pdf> <
./spec-9378-58071-0545.pdf> <./spec-9399-58125-0769.pdf> <./spec-9383-58097-053
0.pdf> <./spec-9402-58039-0879.pdf>]
Package atveryend Info: Empty hook `BeforeClearDocument' on input line 49.
 [20 <./spec-9383-58097-0972.pdf> <./spec-9405-58048-0414.pdf> <./spec-9384-580
80-0771.pdf> <./spec-9406-58067-0121.pdf> <./spec-9384-58080-0775.pdf> <./spec-
9406-58067-0764.pdf> <./spec-9387-58101-0374.pdf> <./spec-9409-58051-0225.pdf> 
<./spec-9388-58074-0598.pdf> <./spec-9409-58051-0529 (copy).pdf> <./spec-9399-5
8125-0723.pdf> <./spec-9409-58051-0529.pdf>]
Package atveryend Info: Empty hook `AfterLastShipout' on input line 49.
 (./all-spectra.aux)
Package atveryend Info: Executing hook `AtVeryEndDocument' on input line 49.
Package atveryend Info: Executing hook `AtEndAfterFileList' on input line 49.
Package rerunfilecheck Info: File `all-spectra.out' has not changed.
(rerunfilecheck)             Checksum: D41D8CD98F00B204E9800998ECF8427E;0.
Package atveryend Info: Empty hook `AtVeryVeryEnd' on input line 49.
 ) 
Here is how much of TeX's memory you used:
 11776 strings out of 483183
 203598 string characters out of 5966292
 551858 words of memory out of 5000000
 26361 multiletter control sequences out of 15000+600000
 532638 words of font info for 25 fonts, out of 8000000 for 9000
 14 hyphenation exceptions out of 8191
 40i,7n,45p,282b,436s stack positions out of 5000i,500n,10000p,200000b,80000s
</usr/share/texlive/texmf-dist/fonts/type1/public/amsfonts/cm/cmr10.pfb>
Output written on all-spectra.pdf (20 pages, 10829990 bytes).
PDF statistics:
 9501 PDF objects out of 10688 (max. 8388607)
 2718 compressed objects within 28 object streams
 22 named destinations out of 1000 (max. 500000)
 2641 words of extra memory for PDF output out of 10000 (max. 10000000)

